2024-05-03T08:06:42.392-0500 [DEBUG] [org.gradle.launcher.daemon.bootstrap.DaemonMain] Assuming the daemon was started with following jvm opts: [--add-opens=java.base/java.util=ALL-UNNAMED, --add-opens=java.base/java.lang=ALL-UNNAMED, --add-opens=java.base/java.lang.invoke=ALL-UNNAMED, --add-opens=java.prefs/java.util.prefs=ALL-UNNAMED, --add-opens=java.base/java.nio.charset=ALL-UNNAMED, --add-opens=java.base/java.net=ALL-UNNAMED, --add-opens=java.base/java.util.concurrent.atomic=ALL-UNNAMED, -XX:MaxMetaspaceSize=384m, -XX:+HeapDumpOnOutOfMemoryError, -Xms256m, -Xmx512m, -Dfile.encoding=UTF-8, -Duser.country=US, -Duser.language=en, -Duser.variant]
2024-05-03T08:06:42.470-0500 [INFO] [org.gradle.launcher.daemon.server.Daemon] start() called on daemon - DefaultDaemonContext[uid=6e1751ee-3fba-40ac-80f9-e252e4cc3a03,javaHome=/Users/vasya/Library/Java/JavaVirtualMachines/openjdk-20/Contents/Home,daemonRegistryDir=/Users/vasya/Documents/GitHub/A52-QA-Automation-Framework/daemon,pid=9304,idleTimeout=10800000,priority=NORMAL,applyInstrumentationAgent=true,daemonOpts=--add-opens=java.base/java.util=ALL-UNNAMED,--add-opens=java.base/java.lang=ALL-UNNAMED,--add-opens=java.base/java.lang.invoke=ALL-UNNAMED,--add-opens=java.prefs/java.util.prefs=ALL-UNNAMED,--add-opens=java.base/java.nio.charset=ALL-UNNAMED,--add-opens=java.base/java.net=ALL-UNNAMED,--add-opens=java.base/java.util.concurrent.atomic=ALL-UNNAMED,-XX:MaxMetaspaceSize=384m,-XX:+HeapDumpOnOutOfMemoryError,-Xms256m,-Xmx512m,-Dfile.encoding=UTF-8,-Duser.country=US,-Duser.language=en,-Duser.variant]
2024-05-03T08:06:42.494-0500 [DEBUG] [org.gradle.internal.remote.internal.inet.InetAddresses] Adding IP addresses for network interface utun7
2024-05-03T08:06:42.494-0500 [DEBUG] [org.gradle.internal.remote.internal.inet.InetAddresses] Is this a loopback interface? false
2024-05-03T08:06:42.494-0500 [DEBUG] [org.gradle.internal.remote.internal.inet.InetAddresses] Adding remote address /fe80:0:0:0:2244:f65c:1398:1bde%utun7
2024-05-03T08:06:42.494-0500 [DEBUG] [org.gradle.internal.remote.internal.inet.InetAddresses] Adding IP addresses for network interface utun6
2024-05-03T08:06:42.494-0500 [DEBUG] [org.gradle.internal.remote.internal.inet.InetAddresses] Is this a loopback interface? false
2024-05-03T08:06:42.494-0500 [DEBUG] [org.gradle.internal.remote.internal.inet.InetAddresses] Adding remote address /fe80:0:0:0:1836:2554:418f:f33c%utun6
2024-05-03T08:06:42.495-0500 [DEBUG] [org.gradle.internal.remote.internal.inet.InetAddresses] Adding IP addresses for network interface utun5
2024-05-03T08:06:42.495-0500 [DEBUG] [org.gradle.internal.remote.internal.inet.InetAddresses] Is this a loopback interface? false
2024-05-03T08:06:42.495-0500 [DEBUG] [org.gradle.internal.remote.internal.inet.InetAddresses] Adding remote address /fe80:0:0:0:fd5e:a4b2:8660:c7e9%utun5
2024-05-03T08:06:42.495-0500 [DEBUG] [org.gradle.internal.remote.internal.inet.InetAddresses] Adding IP addresses for network interface utun4
2024-05-03T08:06:42.495-0500 [DEBUG] [org.gradle.internal.remote.internal.inet.InetAddresses] Is this a loopback interface? false
2024-05-03T08:06:42.495-0500 [DEBUG] [org.gradle.internal.remote.internal.inet.InetAddresses] Adding remote address /fe80:0:0:0:f7b0:547b:4642:4f68%utun4
2024-05-03T08:06:42.495-0500 [DEBUG] [org.gradle.internal.remote.internal.inet.InetAddresses] Adding IP addresses for network interface utun3
2024-05-03T08:06:42.496-0500 [DEBUG] [org.gradle.internal.remote.internal.inet.InetAddresses] Is this a loopback interface? false
2024-05-03T08:06:42.496-0500 [DEBUG] [org.gradle.internal.remote.internal.inet.InetAddresses] Adding remote address /fe80:0:0:0:ce81:b1c:bd2c:69e%utun3
2024-05-03T08:06:42.496-0500 [DEBUG] [org.gradle.internal.remote.internal.inet.InetAddresses] Adding IP addresses for network interface utun2
2024-05-03T08:06:42.496-0500 [DEBUG] [org.gradle.internal.remote.internal.inet.InetAddresses] Is this a loopback interface? false
2024-05-03T08:06:42.496-0500 [DEBUG] [org.gradle.internal.remote.internal.inet.InetAddresses] Adding remote address /fe80:0:0:0:5ef6:98fd:e51d:9e83%utun2
2024-05-03T08:06:42.496-0500 [DEBUG] [org.gradle.internal.remote.internal.inet.InetAddresses] Adding IP addresses for network interface utun1
2024-05-03T08:06:42.496-0500 [DEBUG] [org.gradle.internal.remote.internal.inet.InetAddresses] Is this a loopback interface? false
2024-05-03T08:06:42.496-0500 [DEBUG] [org.gradle.internal.remote.internal.inet.InetAddresses] Adding remote address /fe80:0:0:0:de8e:889a:794b:845%utun1
2024-05-03T08:06:42.497-0500 [DEBUG] [org.gradle.internal.remote.internal.inet.InetAddresses] Adding IP addresses for network interface utun0
2024-05-03T08:06:42.497-0500 [DEBUG] [org.gradle.internal.remote.internal.inet.InetAddresses] Is this a loopback interface? false
2024-05-03T08:06:42.497-0500 [DEBUG] [org.gradle.internal.remote.internal.inet.InetAddresses] Adding remote address /fe80:0:0:0:66ec:2b8a:51d3:4d9a%utun0
2024-05-03T08:06:42.497-0500 [DEBUG] [org.gradle.internal.remote.internal.inet.InetAddresses] Adding IP addresses for network interface llw0
2024-05-03T08:06:42.497-0500 [DEBUG] [org.gradle.internal.remote.internal.inet.InetAddresses] Is this a loopback interface? false
2024-05-03T08:06:42.497-0500 [DEBUG] [org.gradle.internal.remote.internal.inet.InetAddresses] Adding remote address /fe80:0:0:0:443d:11ff:fe49:a563%llw0
2024-05-03T08:06:42.497-0500 [DEBUG] [org.gradle.internal.remote.internal.inet.InetAddresses] Adding IP addresses for network interface awdl0
2024-05-03T08:06:42.497-0500 [DEBUG] [org.gradle.internal.remote.internal.inet.InetAddresses] Is this a loopback interface? false
2024-05-03T08:06:42.497-0500 [DEBUG] [org.gradle.internal.remote.internal.inet.InetAddresses] Adding remote address /fe80:0:0:0:443d:11ff:fe49:a563%awdl0
2024-05-03T08:06:42.498-0500 [DEBUG] [org.gradle.internal.remote.internal.inet.InetAddresses] Adding IP addresses for network interface ap1
2024-05-03T08:06:42.498-0500 [DEBUG] [org.gradle.internal.remote.internal.inet.InetAddresses] Is this a loopback interface? false
2024-05-03T08:06:42.498-0500 [DEBUG] [org.gradle.internal.remote.internal.inet.InetAddresses] Adding remote address /fe80:0:0:0:b0be:83ff:fe7a:3e5c%ap1
2024-05-03T08:06:42.498-0500 [DEBUG] [org.gradle.internal.remote.internal.inet.InetAddresses] Adding IP addresses for network interface en0
2024-05-03T08:06:42.498-0500 [DEBUG] [org.gradle.internal.remote.internal.inet.InetAddresses] Is this a loopback interface? false
2024-05-03T08:06:42.498-0500 [DEBUG] [org.gradle.internal.remote.internal.inet.InetAddresses] Adding remote address /2601:483:980:9e0:0:0:0:af25%en0
2024-05-03T08:06:42.498-0500 [DEBUG] [org.gradle.internal.remote.internal.inet.InetAddresses] Adding remote address /2601:483:980:9e0:6041:e581:21b9:2170%en0
2024-05-03T08:06:42.498-0500 [DEBUG] [org.gradle.internal.remote.internal.inet.InetAddresses] Adding remote address /2601:483:980:9e0:c16:17d8:fcb7:2d56%en0
2024-05-03T08:06:42.498-0500 [DEBUG] [org.gradle.internal.remote.internal.inet.InetAddresses] Adding remote address /fe80:0:0:0:1426:ccce:2dc8:ee8%en0
2024-05-03T08:06:42.498-0500 [DEBUG] [org.gradle.internal.remote.internal.inet.InetAddresses] Adding remote address /10.0.0.237
2024-05-03T08:06:42.499-0500 [DEBUG] [org.gradle.internal.remote.internal.inet.InetAddresses] Adding IP addresses for network interface lo0
2024-05-03T08:06:42.499-0500 [DEBUG] [org.gradle.internal.remote.internal.inet.InetAddresses] Is this a loopback interface? true
2024-05-03T08:06:42.499-0500 [DEBUG] [org.gradle.internal.remote.internal.inet.InetAddresses] Ignoring remote address on loopback interface /fe80:0:0:0:0:0:0:1%lo0
2024-05-03T08:06:42.499-0500 [DEBUG] [org.gradle.internal.remote.internal.inet.InetAddresses] Adding loopback address /0:0:0:0:0:0:0:1%lo0
2024-05-03T08:06:42.499-0500 [DEBUG] [org.gradle.internal.remote.internal.inet.InetAddresses] Adding loopback address /127.0.0.1
2024-05-03T08:06:42.501-0500 [DEBUG] [org.gradle.internal.remote.internal.inet.TcpIncomingConnector] Listening on [3790e35b-700e-4c2f-a0aa-efecd7fe2fd9 port:60751, addresses:[localhost/127.0.0.1]].
2024-05-03T08:06:42.506-0500 [DEBUG] [org.gradle.launcher.daemon.server.Daemon] Daemon starting at: Fri May 03 08:06:42 CDT 2024, with address: [3790e35b-700e-4c2f-a0aa-efecd7fe2fd9 port:60751, addresses:[localhost/127.0.0.1]]
2024-05-03T08:06:42.506-0500 [INFO] [org.gradle.launcher.daemon.server.DaemonRegistryUpdater] Advertising the daemon address to the clients: [3790e35b-700e-4c2f-a0aa-efecd7fe2fd9 port:60751, addresses:[localhost/127.0.0.1]]
2024-05-03T08:06:42.506-0500 [DEBUG] [org.gradle.launcher.daemon.server.DaemonRegistryUpdater] Advertised daemon context: DefaultDaemonContext[uid=6e1751ee-3fba-40ac-80f9-e252e4cc3a03,javaHome=/Users/vasya/Library/Java/JavaVirtualMachines/openjdk-20/Contents/Home,daemonRegistryDir=/Users/vasya/Documents/GitHub/A52-QA-Automation-Framework/daemon,pid=9304,idleTimeout=10800000,priority=NORMAL,applyInstrumentationAgent=true,daemonOpts=--add-opens=java.base/java.util=ALL-UNNAMED,--add-opens=java.base/java.lang=ALL-UNNAMED,--add-opens=java.base/java.lang.invoke=ALL-UNNAMED,--add-opens=java.prefs/java.util.prefs=ALL-UNNAMED,--add-opens=java.base/java.nio.charset=ALL-UNNAMED,--add-opens=java.base/java.net=ALL-UNNAMED,--add-opens=java.base/java.util.concurrent.atomic=ALL-UNNAMED,-XX:MaxMetaspaceSize=384m,-XX:+HeapDumpOnOutOfMemoryError,-Xms256m,-Xmx512m,-Dfile.encoding=UTF-8,-Duser.country=US,-Duser.language=en,-Duser.variant]
2024-05-03T08:06:42.507-0500 [DEBUG] [org.gradle.launcher.daemon.registry.PersistentDaemonRegistry] Storing daemon address: [3790e35b-700e-4c2f-a0aa-efecd7fe2fd9 port:60751, addresses:[localhost/127.0.0.1]], context: DefaultDaemonContext[uid=6e1751ee-3fba-40ac-80f9-e252e4cc3a03,javaHome=/Users/vasya/Library/Java/JavaVirtualMachines/openjdk-20/Contents/Home,daemonRegistryDir=/Users/vasya/Documents/GitHub/A52-QA-Automation-Framework/daemon,pid=9304,idleTimeout=10800000,priority=NORMAL,applyInstrumentationAgent=true,daemonOpts=--add-opens=java.base/java.util=ALL-UNNAMED,--add-opens=java.base/java.lang=ALL-UNNAMED,--add-opens=java.base/java.lang.invoke=ALL-UNNAMED,--add-opens=java.prefs/java.util.prefs=ALL-UNNAMED,--add-opens=java.base/java.nio.charset=ALL-UNNAMED,--add-opens=java.base/java.net=ALL-UNNAMED,--add-opens=java.base/java.util.concurrent.atomic=ALL-UNNAMED,-XX:MaxMetaspaceSize=384m,-XX:+HeapDumpOnOutOfMemoryError,-Xms256m,-Xmx512m,-Dfile.encoding=UTF-8,-Duser.country=US,-Duser.language=en,-Duser.variant]
2024-05-03T08:06:42.512-0500 [DEBUG] [org.gradle.cache.internal.DefaultFileLockManager] Waiting to acquire exclusive lock on daemon addresses registry.
2024-05-03T08:06:42.514-0500 [DEBUG] [org.gradle.cache.internal.DefaultFileLockManager] Lock acquired on daemon addresses registry.
2024-05-03T08:06:42.516-0500 [DEBUG] [org.gradle.cache.internal.DefaultFileLockManager] Releasing lock on daemon addresses registry.
2024-05-03T08:06:42.516-0500 [LIFECYCLE] [org.gradle.launcher.daemon.server.Daemon] Daemon server started.
2024-05-03T08:06:42.517-0500 [DEBUG] [org.gradle.launcher.daemon.bootstrap.DaemonStartupCommunication] Completed writing the daemon greeting. Closing streams...
2024-05-03T08:06:42.518-0500 [DEBUG] [org.gradle.launcher.daemon.server.Daemon] stopOnExpiration() called on daemon
2024-05-03T08:06:42.519-0500 [DEBUG] [org.gradle.launcher.daemon.server.Daemon] awaitExpiration() called on daemon
2024-05-03T08:06:42.519-0500 [DEBUG] [org.gradle.launcher.daemon.server.DaemonStateCoordinator] daemon is running. Sleeping until state changes.
2024-05-03T08:06:42.521-0500 [DEBUG] [org.gradle.internal.remote.internal.inet.TcpIncomingConnector] Accepted connection from /127.0.0.1:60752 to /127.0.0.1:60751.
2024-05-03T08:06:42.549-0500 [DEBUG] [org.gradle.launcher.daemon.server.SynchronizedDispatchConnection] thread 32: received class org.gradle.launcher.daemon.protocol.Build
2024-05-03T08:06:42.549-0500 [DEBUG] [org.gradle.launcher.daemon.server.DefaultDaemonConnection] thread 32: Received non-IO message from client: Build{id=645605b0-436f-497a-b934-39cd21675d32, currentDir=/Users/vasya/Documents/GitHub/A52-QA-Automation-Framework}
2024-05-03T08:06:42.550-0500 [INFO] [org.gradle.launcher.daemon.server.DefaultIncomingConnectionHandler] Received command: Build{id=645605b0-436f-497a-b934-39cd21675d32, currentDir=/Users/vasya/Documents/GitHub/A52-QA-Automation-Framework}.
2024-05-03T08:06:42.550-0500 [DEBUG] [org.gradle.launcher.daemon.server.DefaultIncomingConnectionHandler] Starting executing command: Build{id=645605b0-436f-497a-b934-39cd21675d32, currentDir=/Users/vasya/Documents/GitHub/A52-QA-Automation-Framework} with connection: socket connection from /127.0.0.1:60751 to /127.0.0.1:60752.
2024-05-03T08:06:42.551-0500 [DEBUG] [org.gradle.launcher.daemon.server.DaemonStateCoordinator] Command execution: started DaemonCommandExecution[command = Build{id=645605b0-436f-497a-b934-39cd21675d32, currentDir=/Users/vasya/Documents/GitHub/A52-QA-Automation-Framework}, connection = DefaultDaemonConnection: socket connection from /127.0.0.1:60751 to /127.0.0.1:60752] after 0.0 minutes of idle
2024-05-03T08:06:42.551-0500 [INFO] [org.gradle.launcher.daemon.server.DaemonRegistryUpdater] Marking the daemon as busy, address: [3790e35b-700e-4c2f-a0aa-efecd7fe2fd9 port:60751, addresses:[localhost/127.0.0.1]]
2024-05-03T08:06:42.551-0500 [DEBUG] [org.gradle.launcher.daemon.registry.PersistentDaemonRegistry] Marking busy by address: [3790e35b-700e-4c2f-a0aa-efecd7fe2fd9 port:60751, addresses:[localhost/127.0.0.1]]
2024-05-03T08:06:42.552-0500 [DEBUG] [org.gradle.cache.internal.DefaultFileLockManager] Waiting to acquire exclusive lock on daemon addresses registry.
2024-05-03T08:06:42.552-0500 [DEBUG] [org.gradle.cache.internal.DefaultFileLockManager] Lock acquired on daemon addresses registry.
2024-05-03T08:06:42.552-0500 [DEBUG] [org.gradle.cache.internal.DefaultFileLockManager] Releasing lock on daemon addresses registry.
2024-05-03T08:06:42.553-0500 [DEBUG] [org.gradle.launcher.daemon.server.DaemonStateCoordinator] resetting idle timer
2024-05-03T08:06:42.553-0500 [DEBUG] [org.gradle.launcher.daemon.server.DaemonStateCoordinator] daemon is running. Sleeping until state changes.
2024-05-03T08:06:42.553-0500 [INFO] [org.gradle.launcher.daemon.server.exec.StartBuildOrRespondWithBusy] Daemon is about to start building Build{id=645605b0-436f-497a-b934-39cd21675d32, currentDir=/Users/vasya/Documents/GitHub/A52-QA-Automation-Framework}. Dispatching build started information...
2024-05-03T08:06:42.553-0500 [DEBUG] [org.gradle.launcher.daemon.server.SynchronizedDispatchConnection] thread 34: dispatching org.gradle.launcher.daemon.protocol.BuildStarted@5f2a3b87
2024-05-03T08:06:42.554-0500 [DEBUG] [org.gradle.launcher.daemon.server.exec.EstablishBuildEnvironment] Configuring env variables: [PATH, __CFBundleIdentifier, SHELL, MANPATH, IJ_RESTARTER_LOG, HOMEBREW_CELLAR, OLDPWD, USER, HOMEBREW_PREFIX, COMMAND_MODE, TMPDIR, SSH_AUTH_SOCK, XPC_FLAGS, __CF_USER_TEXT_ENCODING, LOGNAME, HOMEBREW_REPOSITORY, LC_CTYPE, XPC_SERVICE_NAME, IDEA_INITIAL_DIRECTORY, INFOPATH, HOME]
2024-05-03T08:06:42.555-0500 [DEBUG] [org.gradle.launcher.daemon.server.SynchronizedDispatchConnection] thread 32: received class org.gradle.launcher.daemon.protocol.CloseInput
2024-05-03T08:06:42.555-0500 [DEBUG] [org.gradle.launcher.daemon.server.DefaultDaemonConnection] thread 32: Received IO message from client: org.gradle.launcher.daemon.protocol.CloseInput@2cc86b0c
2024-05-03T08:06:42.555-0500 [DEBUG] [org.gradle.launcher.daemon.server.exec.LogToClient] About to start relaying all logs to the client via the connection.
2024-05-03T08:06:42.556-0500 [INFO] [org.gradle.launcher.daemon.server.exec.LogToClient] The client will now receive all logging from the daemon (pid: 9304). The daemon log file: /Users/vasya/Documents/GitHub/A52-QA-Automation-Framework/daemon/8.4/daemon-9304.out.log
2024-05-03T08:06:42.557-0500 [INFO] [org.gradle.launcher.daemon.server.exec.LogAndCheckHealth] Starting build in new daemon [memory: 512 MiB]
2024-05-03T08:06:42.557-0500 [INFO] [org.gradle.launcher.daemon.server.exec.ForwardClientInput] Closing daemon's stdin at end of input.
2024-05-03T08:06:42.557-0500 [INFO] [org.gradle.launcher.daemon.server.exec.ForwardClientInput] The daemon will no longer process any standard input.
2024-05-03T08:06:42.558-0500 [DEBUG] [org.gradle.launcher.daemon.server.exec.ExecuteBuild] The daemon has started executing the build.
2024-05-03T08:06:42.558-0500 [DEBUG] [org.gradle.launcher.daemon.server.exec.ExecuteBuild] Executing build with daemon context: DefaultDaemonContext[uid=6e1751ee-3fba-40ac-80f9-e252e4cc3a03,javaHome=/Users/vasya/Library/Java/JavaVirtualMachines/openjdk-20/Contents/Home,daemonRegistryDir=/Users/vasya/Documents/GitHub/A52-QA-Automation-Framework/daemon,pid=9304,idleTimeout=10800000,priority=NORMAL,applyInstrumentationAgent=true,daemonOpts=--add-opens=java.base/java.util=ALL-UNNAMED,--add-opens=java.base/java.lang=ALL-UNNAMED,--add-opens=java.base/java.lang.invoke=ALL-UNNAMED,--add-opens=java.prefs/java.util.prefs=ALL-UNNAMED,--add-opens=java.base/java.nio.charset=ALL-UNNAMED,--add-opens=java.base/java.net=ALL-UNNAMED,--add-opens=java.base/java.util.concurrent.atomic=ALL-UNNAMED,-XX:MaxMetaspaceSize=384m,-XX:+HeapDumpOnOutOfMemoryError,-Xms256m,-Xmx512m,-Dfile.encoding=UTF-8,-Duser.country=US,-Duser.language=en,-Duser.variant]

FAILURE: Build failed with an exception.

* Where:
Build file '/Users/vasya/Documents/GitHub/A52-QA-Automation-Framework/build.gradle' line: 22

* What went wrong:
Could not compile build file '/Users/vasya/Documents/GitHub/A52-QA-Automation-Framework/build.gradle'.
> startup failed:
  build file '/Users/vasya/Documents/GitHub/A52-QA-Automation-Framework/build.gradle': 22: Unexpected input: '<' @ line 22, column 9.
             <version>3.141.59</version>
             ^
  
  1 error


* Try:
> Run with --stacktrace option to get the stack trace.
> Run with --info or --debug option to get more log output.
> Run with --scan to get full insights.
> Get more help at https://help.gradle.org.

CONFIGURE FAILED in 3s
2024-05-03T08:06:44.582-0500 [DEBUG] [org.gradle.launcher.daemon.server.exec.ExecuteBuild] The daemon has finished executing the build.
2024-05-03T08:06:44.584-0500 [DEBUG] [org.gradle.launcher.daemon.server.DaemonStateCoordinator] daemon is running. Sleeping until state changes.
2024-05-03T08:06:44.585-0500 [DEBUG] [org.gradle.launcher.daemon.server.DaemonStateCoordinator] Command execution: finished waiting for DaemonCommandExecution[command = Build{id=645605b0-436f-497a-b934-39cd21675d32, currentDir=/Users/vasya/Documents/GitHub/A52-QA-Automation-Framework}, connection = DefaultDaemonConnection: socket connection from /127.0.0.1:60751 to /127.0.0.1:60752]. Result org.gradle.launcher.daemon.server.DaemonStateCoordinator@bc12a0d with state Busy
2024-05-03T08:06:44.585-0500 [DEBUG] [org.gradle.launcher.daemon.server.DaemonStateCoordinator] Command execution: completed DaemonCommandExecution[command = Build{id=645605b0-436f-497a-b934-39cd21675d32, currentDir=/Users/vasya/Documents/GitHub/A52-QA-Automation-Framework}, connection = DefaultDaemonConnection: socket connection from /127.0.0.1:60751 to /127.0.0.1:60752]
2024-05-03T08:06:44.585-0500 [DEBUG] [org.gradle.launcher.daemon.server.DaemonStateCoordinator] resetting idle timer
2024-05-03T08:06:44.585-0500 [INFO] [org.gradle.launcher.daemon.server.DaemonRegistryUpdater] Marking the daemon as idle, address: [3790e35b-700e-4c2f-a0aa-efecd7fe2fd9 port:60751, addresses:[localhost/127.0.0.1]]
2024-05-03T08:06:44.585-0500 [DEBUG] [org.gradle.launcher.daemon.registry.PersistentDaemonRegistry] Marking busy by address: [3790e35b-700e-4c2f-a0aa-efecd7fe2fd9 port:60751, addresses:[localhost/127.0.0.1]]
2024-05-03T08:06:44.585-0500 [DEBUG] [org.gradle.cache.internal.DefaultFileLockManager] Waiting to acquire exclusive lock on daemon addresses registry.
2024-05-03T08:06:44.586-0500 [DEBUG] [org.gradle.cache.internal.DefaultFileLockManager] Lock acquired on daemon addresses registry.
2024-05-03T08:06:44.586-0500 [DEBUG] [org.gradle.cache.internal.DefaultFileLockManager] Releasing lock on daemon addresses registry.
2024-05-03T08:06:44.586-0500 [DEBUG] [org.gradle.launcher.daemon.server.DaemonStateCoordinator] daemon is running. Sleeping until state changes.
2024-05-03T08:06:44.586-0500 [DEBUG] [org.gradle.launcher.daemon.server.exec.ReturnResult] Daemon is dispatching the build result: Success[value=org.gradle.launcher.exec.BuildActionResult@45095f4]
2024-05-03T08:06:44.587-0500 [DEBUG] [org.gradle.launcher.daemon.server.SynchronizedDispatchConnection] thread 31: dispatching Success[value=org.gradle.launcher.exec.BuildActionResult@45095f4]
2024-05-03T08:06:44.589-0500 [DEBUG] [org.gradle.launcher.daemon.server.DefaultIncomingConnectionHandler] Finishing executing command: Build{id=645605b0-436f-497a-b934-39cd21675d32, currentDir=/Users/vasya/Documents/GitHub/A52-QA-Automation-Framework}
2024-05-03T08:06:44.595-0500 [DEBUG] [org.gradle.launcher.daemon.server.SynchronizedDispatchConnection] thread 32: received class org.gradle.launcher.daemon.protocol.Finished
2024-05-03T08:06:44.595-0500 [DEBUG] [org.gradle.launcher.daemon.server.DefaultDaemonConnection] thread 32: Received non-IO message from client: org.gradle.launcher.daemon.protocol.Finished@4e38fa41
2024-05-03T08:06:44.595-0500 [DEBUG] [org.gradle.launcher.daemon.server.DefaultIncomingConnectionHandler] Received finished message: org.gradle.launcher.daemon.protocol.Finished@4e38fa41
2024-05-03T08:06:44.596-0500 [DEBUG] [org.gradle.internal.remote.internal.inet.SocketConnection] Discarding EOFException: java.io.EOFException
2024-05-03T08:06:44.596-0500 [DEBUG] [org.gradle.launcher.daemon.server.SynchronizedDispatchConnection] thread 31: stopping connection
2024-05-03T08:06:44.596-0500 [DEBUG] [org.gradle.launcher.daemon.server.SynchronizedDispatchConnection] thread 32: received null
2024-05-03T08:06:44.596-0500 [DEBUG] [org.gradle.launcher.daemon.server.DefaultDaemonConnection] thread 32: Received end-of-input from client.
2024-05-03T08:06:44.597-0500 [DEBUG] [org.gradle.launcher.daemon.server.SynchronizedDispatchConnection] thread 31: stopping connection
2024-05-03T08:06:52.526-0500 [DEBUG] [org.gradle.cache.internal.DefaultFileLockManager] Waiting to acquire shared lock on daemon addresses registry.
2024-05-03T08:06:52.527-0500 [DEBUG] [org.gradle.cache.internal.DefaultFileLockManager] Lock acquired on daemon addresses registry.
2024-05-03T08:06:52.527-0500 [DEBUG] [org.gradle.cache.internal.DefaultFileLockManager] Releasing lock on daemon addresses registry.
2024-05-03T08:06:52.528-0500 [DEBUG] [org.gradle.cache.internal.DefaultFileLockManager] Waiting to acquire shared lock on daemon addresses registry.
2024-05-03T08:06:52.528-0500 [DEBUG] [org.gradle.cache.internal.DefaultFileLockManager] Lock acquired on daemon addresses registry.
2024-05-03T08:06:52.528-0500 [DEBUG] [org.gradle.cache.internal.DefaultFileLockManager] Releasing lock on daemon addresses registry.
2024-05-03T08:07:02.525-0500 [DEBUG] [org.gradle.cache.internal.DefaultFileLockManager] Waiting to acquire shared lock on daemon addresses registry.
2024-05-03T08:07:02.526-0500 [DEBUG] [org.gradle.cache.internal.DefaultFileLockManager] Lock acquired on daemon addresses registry.
2024-05-03T08:07:02.526-0500 [DEBUG] [org.gradle.cache.internal.DefaultFileLockManager] Releasing lock on daemon addresses registry.
2024-05-03T08:07:02.527-0500 [DEBUG] [org.gradle.cache.internal.DefaultFileLockManager] Waiting to acquire shared lock on daemon addresses registry.
2024-05-03T08:07:02.527-0500 [DEBUG] [org.gradle.cache.internal.DefaultFileLockManager] Lock acquired on daemon addresses registry.
2024-05-03T08:07:02.527-0500 [DEBUG] [org.gradle.cache.internal.DefaultFileLockManager] Releasing lock on daemon addresses registry.
2024-05-03T08:07:02.528-0500 [DEBUG] [org.gradle.cache.internal.DefaultFileLockManager] Waiting to acquire shared lock on daemon addresses registry.
2024-05-03T08:07:02.528-0500 [DEBUG] [org.gradle.cache.internal.DefaultFileLockManager] Lock acquired on daemon addresses registry.
2024-05-03T08:07:02.528-0500 [DEBUG] [org.gradle.cache.internal.DefaultFileLockManager] Releasing lock on daemon addresses registry.
2024-05-03T08:07:12.524-0500 [DEBUG] [org.gradle.cache.internal.DefaultFileLockManager] Waiting to acquire shared lock on daemon addresses registry.
2024-05-03T08:07:12.525-0500 [DEBUG] [org.gradle.cache.internal.DefaultFileLockManager] Lock acquired on daemon addresses registry.
2024-05-03T08:07:12.526-0500 [DEBUG] [org.gradle.cache.internal.DefaultFileLockManager] Releasing lock on daemon addresses registry.
2024-05-03T08:07:12.526-0500 [DEBUG] [org.gradle.cache.internal.DefaultFileLockManager] Waiting to acquire shared lock on daemon addresses registry.
2024-05-03T08:07:12.527-0500 [DEBUG] [org.gradle.cache.internal.DefaultFileLockManager] Lock acquired on daemon addresses registry.
2024-05-03T08:07:12.527-0500 [DEBUG] [org.gradle.cache.internal.DefaultFileLockManager] Releasing lock on daemon addresses registry.
2024-05-03T08:07:12.527-0500 [DEBUG] [org.gradle.cache.internal.DefaultFileLockManager] Waiting to acquire shared lock on daemon addresses registry.
2024-05-03T08:07:12.527-0500 [DEBUG] [org.gradle.cache.internal.DefaultFileLockManager] Lock acquired on daemon addresses registry.
2024-05-03T08:07:12.527-0500 [DEBUG] [org.gradle.cache.internal.DefaultFileLockManager] Releasing lock on daemon addresses registry.
2024-05-03T08:07:22.528-0500 [DEBUG] [org.gradle.cache.internal.DefaultFileLockManager] Waiting to acquire shared lock on daemon addresses registry.
2024-05-03T08:07:22.530-0500 [DEBUG] [org.gradle.cache.internal.DefaultFileLockManager] Lock acquired on daemon addresses registry.
2024-05-03T08:07:22.531-0500 [DEBUG] [org.gradle.cache.internal.DefaultFileLockManager] Releasing lock on daemon addresses registry.
2024-05-03T08:07:22.532-0500 [DEBUG] [org.gradle.cache.internal.DefaultFileLockManager] Waiting to acquire shared lock on daemon addresses registry.
2024-05-03T08:07:22.532-0500 [DEBUG] [org.gradle.cache.internal.DefaultFileLockManager] Lock acquired on daemon addresses registry.
2024-05-03T08:07:22.532-0500 [DEBUG] [org.gradle.cache.internal.DefaultFileLockManager] Releasing lock on daemon addresses registry.
2024-05-03T08:07:22.533-0500 [DEBUG] [org.gradle.cache.internal.DefaultFileLockManager] Waiting to acquire shared lock on daemon addresses registry.
2024-05-03T08:07:22.533-0500 [DEBUG] [org.gradle.cache.internal.DefaultFileLockManager] Lock acquired on daemon addresses registry.
2024-05-03T08:07:22.533-0500 [DEBUG] [org.gradle.cache.internal.DefaultFileLockManager] Releasing lock on daemon addresses registry.
2024-05-03T08:07:25.325-0500 [DEBUG] [org.gradle.internal.remote.internal.inet.TcpIncomingConnector] Accepted connection from /127.0.0.1:60788 to /127.0.0.1:60751.
2024-05-03T08:07:25.329-0500 [DEBUG] [org.gradle.launcher.daemon.server.SynchronizedDispatchConnection] thread 61: received class org.gradle.launcher.daemon.protocol.Build
2024-05-03T08:07:25.329-0500 [DEBUG] [org.gradle.launcher.daemon.server.DefaultDaemonConnection] thread 61: Received non-IO message from client: Build{id=555f08e9-e0aa-4b95-9f9a-ab99c1aac363, currentDir=/Users/vasya/Documents/GitHub/A52-QA-Automation-Framework}
2024-05-03T08:07:25.329-0500 [INFO] [org.gradle.launcher.daemon.server.DefaultIncomingConnectionHandler] Received command: Build{id=555f08e9-e0aa-4b95-9f9a-ab99c1aac363, currentDir=/Users/vasya/Documents/GitHub/A52-QA-Automation-Framework}.
2024-05-03T08:07:25.329-0500 [DEBUG] [org.gradle.launcher.daemon.server.DefaultIncomingConnectionHandler] Starting executing command: Build{id=555f08e9-e0aa-4b95-9f9a-ab99c1aac363, currentDir=/Users/vasya/Documents/GitHub/A52-QA-Automation-Framework} with connection: socket connection from /127.0.0.1:60751 to /127.0.0.1:60788.
2024-05-03T08:07:25.330-0500 [DEBUG] [org.gradle.launcher.daemon.server.DaemonStateCoordinator] Command execution: started DaemonCommandExecution[command = Build{id=555f08e9-e0aa-4b95-9f9a-ab99c1aac363, currentDir=/Users/vasya/Documents/GitHub/A52-QA-Automation-Framework}, connection = DefaultDaemonConnection: socket connection from /127.0.0.1:60751 to /127.0.0.1:60788] after 0.0 minutes of idle
2024-05-03T08:07:25.330-0500 [INFO] [org.gradle.launcher.daemon.server.DaemonRegistryUpdater] Marking the daemon as busy, address: [3790e35b-700e-4c2f-a0aa-efecd7fe2fd9 port:60751, addresses:[localhost/127.0.0.1]]
2024-05-03T08:07:25.330-0500 [DEBUG] [org.gradle.launcher.daemon.registry.PersistentDaemonRegistry] Marking busy by address: [3790e35b-700e-4c2f-a0aa-efecd7fe2fd9 port:60751, addresses:[localhost/127.0.0.1]]
2024-05-03T08:07:25.330-0500 [DEBUG] [org.gradle.cache.internal.DefaultFileLockManager] Waiting to acquire exclusive lock on daemon addresses registry.
2024-05-03T08:07:25.331-0500 [DEBUG] [org.gradle.cache.internal.DefaultFileLockManager] Lock acquired on daemon addresses registry.
2024-05-03T08:07:25.332-0500 [DEBUG] [org.gradle.cache.internal.DefaultFileLockManager] Releasing lock on daemon addresses registry.
2024-05-03T08:07:25.332-0500 [DEBUG] [org.gradle.launcher.daemon.server.DaemonStateCoordinator] resetting idle timer
2024-05-03T08:07:25.332-0500 [DEBUG] [org.gradle.launcher.daemon.server.DaemonStateCoordinator] daemon is running. Sleeping until state changes.
2024-05-03T08:07:25.332-0500 [INFO] [org.gradle.launcher.daemon.server.exec.StartBuildOrRespondWithBusy] Daemon is about to start building Build{id=555f08e9-e0aa-4b95-9f9a-ab99c1aac363, currentDir=/Users/vasya/Documents/GitHub/A52-QA-Automation-Framework}. Dispatching build started information...
2024-05-03T08:07:25.332-0500 [DEBUG] [org.gradle.launcher.daemon.server.SynchronizedDispatchConnection] thread 34: dispatching org.gradle.launcher.daemon.protocol.BuildStarted@442d3172
2024-05-03T08:07:25.332-0500 [DEBUG] [org.gradle.launcher.daemon.server.exec.EstablishBuildEnvironment] Configuring env variables: [PATH, __CFBundleIdentifier, SHELL, MANPATH, IJ_RESTARTER_LOG, HOMEBREW_CELLAR, OLDPWD, USER, HOMEBREW_PREFIX, COMMAND_MODE, TMPDIR, SSH_AUTH_SOCK, XPC_FLAGS, __CF_USER_TEXT_ENCODING, LOGNAME, HOMEBREW_REPOSITORY, LC_CTYPE, XPC_SERVICE_NAME, IDEA_INITIAL_DIRECTORY, INFOPATH, HOME]
2024-05-03T08:07:25.333-0500 [DEBUG] [org.gradle.launcher.daemon.server.SynchronizedDispatchConnection] thread 61: received class org.gradle.launcher.daemon.protocol.CloseInput
2024-05-03T08:07:25.333-0500 [DEBUG] [org.gradle.launcher.daemon.server.DefaultDaemonConnection] thread 61: Received IO message from client: org.gradle.launcher.daemon.protocol.CloseInput@588252c6
2024-05-03T08:07:25.333-0500 [DEBUG] [org.gradle.launcher.daemon.server.exec.LogToClient] About to start relaying all logs to the client via the connection.
2024-05-03T08:07:25.333-0500 [INFO] [org.gradle.launcher.daemon.server.exec.LogToClient] The client will now receive all logging from the daemon (pid: 9304). The daemon log file: /Users/vasya/Documents/GitHub/A52-QA-Automation-Framework/daemon/8.4/daemon-9304.out.log
2024-05-03T08:07:25.335-0500 [INFO] [org.gradle.launcher.daemon.server.exec.LogAndCheckHealth] Starting 2nd build in daemon [uptime: 42.918 secs, performance: 99%, GC rate: 0.00/s, heap usage: 2% of 512 MiB, non-heap usage: 12% of 384 MiB]
2024-05-03T08:07:25.335-0500 [DEBUG] [org.gradle.launcher.daemon.server.exec.ExecuteBuild] The daemon has started executing the build.
2024-05-03T08:07:25.335-0500 [INFO] [org.gradle.launcher.daemon.server.exec.ForwardClientInput] Closing daemon's stdin at end of input.
2024-05-03T08:07:25.336-0500 [DEBUG] [org.gradle.launcher.daemon.server.exec.ExecuteBuild] Executing build with daemon context: DefaultDaemonContext[uid=6e1751ee-3fba-40ac-80f9-e252e4cc3a03,javaHome=/Users/vasya/Library/Java/JavaVirtualMachines/openjdk-20/Contents/Home,daemonRegistryDir=/Users/vasya/Documents/GitHub/A52-QA-Automation-Framework/daemon,pid=9304,idleTimeout=10800000,priority=NORMAL,applyInstrumentationAgent=true,daemonOpts=--add-opens=java.base/java.util=ALL-UNNAMED,--add-opens=java.base/java.lang=ALL-UNNAMED,--add-opens=java.base/java.lang.invoke=ALL-UNNAMED,--add-opens=java.prefs/java.util.prefs=ALL-UNNAMED,--add-opens=java.base/java.nio.charset=ALL-UNNAMED,--add-opens=java.base/java.net=ALL-UNNAMED,--add-opens=java.base/java.util.concurrent.atomic=ALL-UNNAMED,-XX:MaxMetaspaceSize=384m,-XX:+HeapDumpOnOutOfMemoryError,-Xms256m,-Xmx512m,-Dfile.encoding=UTF-8,-Duser.country=US,-Duser.language=en,-Duser.variant]
2024-05-03T08:07:25.336-0500 [INFO] [org.gradle.launcher.daemon.server.exec.ForwardClientInput] The daemon will no longer process any standard input.

FAILURE: Build failed with an exception.

* Where:
Build file '/Users/vasya/Documents/GitHub/A52-QA-Automation-Framework/build.gradle' line: 22

* What went wrong:
Could not compile build file '/Users/vasya/Documents/GitHub/A52-QA-Automation-Framework/build.gradle'.
> startup failed:
  build file '/Users/vasya/Documents/GitHub/A52-QA-Automation-Framework/build.gradle': 22: Unexpected input: '<' @ line 22, column 9.
             <version>3.141.59</version>
             ^
  
  1 error


* Try:
> Run with --stacktrace option to get the stack trace.
> Run with --info or --debug option to get more log output.
> Run with --scan to get full insights.
> Get more help at https://help.gradle.org.

CONFIGURE FAILED in 92ms
2024-05-03T08:07:25.433-0500 [DEBUG] [org.gradle.launcher.daemon.server.exec.ExecuteBuild] The daemon has finished executing the build.
2024-05-03T08:07:25.446-0500 [DEBUG] [org.gradle.launcher.daemon.server.DaemonStateCoordinator] Command execution: finished waiting for DaemonCommandExecution[command = Build{id=555f08e9-e0aa-4b95-9f9a-ab99c1aac363, currentDir=/Users/vasya/Documents/GitHub/A52-QA-Automation-Framework}, connection = DefaultDaemonConnection: socket connection from /127.0.0.1:60751 to /127.0.0.1:60788]. Result org.gradle.launcher.daemon.server.DaemonStateCoordinator@bc12a0d with state Busy
2024-05-03T08:07:25.446-0500 [DEBUG] [org.gradle.launcher.daemon.server.DaemonStateCoordinator] Command execution: completed DaemonCommandExecution[command = Build{id=555f08e9-e0aa-4b95-9f9a-ab99c1aac363, currentDir=/Users/vasya/Documents/GitHub/A52-QA-Automation-Framework}, connection = DefaultDaemonConnection: socket connection from /127.0.0.1:60751 to /127.0.0.1:60788]
2024-05-03T08:07:25.446-0500 [DEBUG] [org.gradle.launcher.daemon.server.DaemonStateCoordinator] resetting idle timer
2024-05-03T08:07:25.446-0500 [INFO] [org.gradle.launcher.daemon.server.DaemonRegistryUpdater] Marking the daemon as idle, address: [3790e35b-700e-4c2f-a0aa-efecd7fe2fd9 port:60751, addresses:[localhost/127.0.0.1]]
2024-05-03T08:07:25.446-0500 [DEBUG] [org.gradle.launcher.daemon.registry.PersistentDaemonRegistry] Marking busy by address: [3790e35b-700e-4c2f-a0aa-efecd7fe2fd9 port:60751, addresses:[localhost/127.0.0.1]]
2024-05-03T08:07:25.446-0500 [DEBUG] [org.gradle.cache.internal.DefaultFileLockManager] Waiting to acquire exclusive lock on daemon addresses registry.
2024-05-03T08:07:25.446-0500 [DEBUG] [org.gradle.cache.internal.DefaultFileLockManager] Lock acquired on daemon addresses registry.
2024-05-03T08:07:25.447-0500 [DEBUG] [org.gradle.cache.internal.DefaultFileLockManager] Releasing lock on daemon addresses registry.
2024-05-03T08:07:25.447-0500 [DEBUG] [org.gradle.launcher.daemon.server.exec.ReturnResult] Daemon is dispatching the build result: Success[value=org.gradle.launcher.exec.BuildActionResult@6ec860d]
2024-05-03T08:07:25.447-0500 [DEBUG] [org.gradle.launcher.daemon.server.DaemonStateCoordinator] daemon is running. Sleeping until state changes.
2024-05-03T08:07:25.447-0500 [DEBUG] [org.gradle.launcher.daemon.server.SynchronizedDispatchConnection] thread 31: dispatching Success[value=org.gradle.launcher.exec.BuildActionResult@6ec860d]
2024-05-03T08:07:25.448-0500 [DEBUG] [org.gradle.launcher.daemon.server.DefaultIncomingConnectionHandler] Finishing executing command: Build{id=555f08e9-e0aa-4b95-9f9a-ab99c1aac363, currentDir=/Users/vasya/Documents/GitHub/A52-QA-Automation-Framework}
2024-05-03T08:07:25.450-0500 [DEBUG] [org.gradle.launcher.daemon.server.SynchronizedDispatchConnection] thread 61: received class org.gradle.launcher.daemon.protocol.Finished
2024-05-03T08:07:25.450-0500 [DEBUG] [org.gradle.launcher.daemon.server.DefaultDaemonConnection] thread 61: Received non-IO message from client: org.gradle.launcher.daemon.protocol.Finished@5645a7a6
2024-05-03T08:07:25.450-0500 [DEBUG] [org.gradle.launcher.daemon.server.DefaultIncomingConnectionHandler] Received finished message: org.gradle.launcher.daemon.protocol.Finished@5645a7a6
2024-05-03T08:07:25.450-0500 [DEBUG] [org.gradle.launcher.daemon.server.SynchronizedDispatchConnection] thread 31: stopping connection
2024-05-03T08:07:25.450-0500 [DEBUG] [org.gradle.internal.remote.internal.inet.SocketConnection] Discarding EOFException: java.io.EOFException
2024-05-03T08:07:25.451-0500 [DEBUG] [org.gradle.launcher.daemon.server.SynchronizedDispatchConnection] thread 61: received null
2024-05-03T08:07:25.451-0500 [DEBUG] [org.gradle.launcher.daemon.server.DefaultDaemonConnection] thread 61: Received end-of-input from client.
2024-05-03T08:07:25.451-0500 [DEBUG] [org.gradle.launcher.daemon.server.SynchronizedDispatchConnection] thread 31: stopping connection
2024-05-03T08:07:32.527-0500 [DEBUG] [org.gradle.cache.internal.DefaultFileLockManager] Waiting to acquire shared lock on daemon addresses registry.
2024-05-03T08:07:32.530-0500 [DEBUG] [org.gradle.cache.internal.DefaultFileLockManager] Lock acquired on daemon addresses registry.
2024-05-03T08:07:32.532-0500 [DEBUG] [org.gradle.cache.internal.DefaultFileLockManager] Releasing lock on daemon addresses registry.
2024-05-03T08:07:32.533-0500 [DEBUG] [org.gradle.cache.internal.DefaultFileLockManager] Waiting to acquire shared lock on daemon addresses registry.
2024-05-03T08:07:32.533-0500 [DEBUG] [org.gradle.cache.internal.DefaultFileLockManager] Lock acquired on daemon addresses registry.
2024-05-03T08:07:32.533-0500 [DEBUG] [org.gradle.cache.internal.DefaultFileLockManager] Releasing lock on daemon addresses registry.
2024-05-03T08:07:42.520-0500 [DEBUG] [org.gradle.cache.internal.DefaultFileLockManager] Waiting to acquire shared lock on daemon addresses registry.
2024-05-03T08:07:42.522-0500 [DEBUG] [org.gradle.cache.internal.DefaultFileLockManager] Lock acquired on daemon addresses registry.
2024-05-03T08:07:42.523-0500 [DEBUG] [org.gradle.cache.internal.DefaultFileLockManager] Releasing lock on daemon addresses registry.
2024-05-03T08:07:42.523-0500 [DEBUG] [org.gradle.cache.internal.DefaultFileLockManager] Waiting to acquire shared lock on daemon addresses registry.
2024-05-03T08:07:42.524-0500 [DEBUG] [org.gradle.cache.internal.DefaultFileLockManager] Lock acquired on daemon addresses registry.
2024-05-03T08:07:42.524-0500 [DEBUG] [org.gradle.cache.internal.DefaultFileLockManager] Releasing lock on daemon addresses registry.
2024-05-03T08:07:42.525-0500 [DEBUG] [org.gradle.cache.internal.DefaultFileLockManager] Waiting to acquire shared lock on daemon addresses registry.
2024-05-03T08:07:42.525-0500 [DEBUG] [org.gradle.cache.internal.DefaultFileLockManager] Lock acquired on daemon addresses registry.
2024-05-03T08:07:42.525-0500 [DEBUG] [org.gradle.cache.internal.DefaultFileLockManager] Releasing lock on daemon addresses registry.
2024-05-03T08:07:48.773-0500 [DEBUG] [org.gradle.internal.remote.internal.inet.TcpIncomingConnector] Accepted connection from /127.0.0.1:60800 to /127.0.0.1:60751.
2024-05-03T08:07:48.776-0500 [DEBUG] [org.gradle.launcher.daemon.server.SynchronizedDispatchConnection] thread 71: received class org.gradle.launcher.daemon.protocol.StopWhenIdle
2024-05-03T08:07:48.777-0500 [DEBUG] [org.gradle.launcher.daemon.server.DefaultDaemonConnection] thread 71: Received non-IO message from client: StopWhenIdle[id=1f69cf6e-ae8f-4707-89c2-68e7cb33f02d]
2024-05-03T08:07:48.777-0500 [INFO] [org.gradle.launcher.daemon.server.DefaultIncomingConnectionHandler] Received command: StopWhenIdle[id=1f69cf6e-ae8f-4707-89c2-68e7cb33f02d].
2024-05-03T08:07:48.777-0500 [DEBUG] [org.gradle.launcher.daemon.server.DefaultIncomingConnectionHandler] Starting executing command: StopWhenIdle[id=1f69cf6e-ae8f-4707-89c2-68e7cb33f02d] with connection: socket connection from /127.0.0.1:60751 to /127.0.0.1:60800.
2024-05-03T08:07:48.777-0500 [DEBUG] [org.gradle.launcher.daemon.server.DaemonRegistryUpdater] Storing daemon stop event: stop command received
2024-05-03T08:07:48.778-0500 [DEBUG] [org.gradle.launcher.daemon.registry.PersistentDaemonRegistry] Storing daemon stop event with timestamp 1714741668778
2024-05-03T08:07:48.779-0500 [DEBUG] [org.gradle.cache.internal.DefaultFileLockManager] Waiting to acquire exclusive lock on daemon addresses registry.
2024-05-03T08:07:48.779-0500 [DEBUG] [org.gradle.cache.internal.DefaultFileLockManager] Lock acquired on daemon addresses registry.
2024-05-03T08:07:48.780-0500 [DEBUG] [org.gradle.cache.internal.DefaultFileLockManager] Releasing lock on daemon addresses registry.
2024-05-03T08:07:48.780-0500 [LIFECYCLE] [org.gradle.launcher.daemon.server.DaemonStateCoordinator] Daemon will be stopped at the end of the build stop command received
2024-05-03T08:07:48.780-0500 [DEBUG] [org.gradle.launcher.daemon.server.DaemonStateCoordinator] Marking daemon stopped due to stop command received. The daemon is running a build: false
2024-05-03T08:07:48.780-0500 [DEBUG] [org.gradle.launcher.daemon.server.SynchronizedDispatchConnection] thread 31: dispatching Success[value=null]
2024-05-03T08:07:48.780-0500 [DEBUG] [org.gradle.launcher.daemon.server.DaemonStateCoordinator] daemon has stopped.
2024-05-03T08:07:48.780-0500 [DEBUG] [org.gradle.launcher.daemon.server.DefaultIncomingConnectionHandler] Finishing executing command: StopWhenIdle[id=1f69cf6e-ae8f-4707-89c2-68e7cb33f02d]
2024-05-03T08:07:48.781-0500 [DEBUG] [org.gradle.launcher.daemon.server.Daemon] stop() called on daemon
2024-05-03T08:07:48.781-0500 [DEBUG] [org.gradle.launcher.daemon.server.SynchronizedDispatchConnection] thread 71: received class org.gradle.launcher.daemon.protocol.Finished
2024-05-03T08:07:48.781-0500 [INFO] [org.gradle.launcher.daemon.server.Daemon] Stop requested. Daemon is removing its presence from the registry...
2024-05-03T08:07:48.781-0500 [DEBUG] [org.gradle.launcher.daemon.server.DefaultDaemonConnection] thread 71: Received non-IO message from client: org.gradle.launcher.daemon.protocol.Finished@74935d76
2024-05-03T08:07:48.781-0500 [DEBUG] [org.gradle.launcher.daemon.server.DefaultIncomingConnectionHandler] Received finished message: org.gradle.launcher.daemon.protocol.Finished@74935d76
2024-05-03T08:07:48.781-0500 [DEBUG] [org.gradle.internal.remote.internal.inet.SocketConnection] Discarding EOFException: java.io.EOFException
2024-05-03T08:07:48.782-0500 [DEBUG] [org.gradle.launcher.daemon.server.DaemonRegistryUpdater] Removing our presence to clients, eg. removing this address from the registry: [3790e35b-700e-4c2f-a0aa-efecd7fe2fd9 port:60751, addresses:[localhost/127.0.0.1]]
2024-05-03T08:07:48.782-0500 [DEBUG] [org.gradle.launcher.daemon.server.SynchronizedDispatchConnection] thread 31: stopping connection
2024-05-03T08:07:48.782-0500 [DEBUG] [org.gradle.launcher.daemon.registry.PersistentDaemonRegistry] Removing daemon address: [3790e35b-700e-4c2f-a0aa-efecd7fe2fd9 port:60751, addresses:[localhost/127.0.0.1]]
2024-05-03T08:07:48.782-0500 [DEBUG] [org.gradle.launcher.daemon.server.SynchronizedDispatchConnection] thread 71: received null
2024-05-03T08:07:48.782-0500 [DEBUG] [org.gradle.launcher.daemon.server.DefaultDaemonConnection] thread 71: Received end-of-input from client.
2024-05-03T08:07:48.783-0500 [DEBUG] [org.gradle.launcher.daemon.server.SynchronizedDispatchConnection] thread 31: stopping connection
2024-05-03T08:07:48.783-0500 [DEBUG] [org.gradle.cache.internal.DefaultFileLockManager] Waiting to acquire exclusive lock on daemon addresses registry.
2024-05-03T08:07:48.783-0500 [DEBUG] [org.gradle.cache.internal.DefaultFileLockManager] Lock acquired on daemon addresses registry.
2024-05-03T08:07:48.784-0500 [DEBUG] [org.gradle.cache.internal.DefaultFileLockManager] Releasing lock on daemon addresses registry.
2024-05-03T08:07:48.784-0500 [DEBUG] [org.gradle.launcher.daemon.server.DaemonRegistryUpdater] Address removed from registry.
2024-05-03T08:07:48.787-0500 [DEBUG] [org.gradle.cache.internal.LockOnDemandCrossProcessCacheAccess] Releasing file lock for jars (/Users/vasya/Documents/GitHub/A52-QA-Automation-Framework/caches/jars-9)
2024-05-03T08:07:48.787-0500 [DEBUG] [org.gradle.cache.internal.DefaultFileLockManager] Releasing lock on jars (/Users/vasya/Documents/GitHub/A52-QA-Automation-Framework/caches/jars-9).
2024-05-03T08:07:48.787-0500 [DEBUG] [org.gradle.cache.internal.DefaultPersistentDirectoryStore] jars (/Users/vasya/Documents/GitHub/A52-QA-Automation-Framework/caches/jars-9) has last been fully cleaned up 0 hours ago
2024-05-03T08:07:48.788-0500 [DEBUG] [org.gradle.cache.internal.DefaultPersistentDirectoryStore] Artifact transforms cache (/Users/vasya/Documents/GitHub/A52-QA-Automation-Framework/caches/transforms-3) has last been fully cleaned up 0 hours ago
2024-05-03T08:07:48.788-0500 [DEBUG] [org.gradle.cache.internal.DefaultCacheCoordinator] Cache Artifact transforms cache (/Users/vasya/Documents/GitHub/A52-QA-Automation-Framework/caches/transforms-3) was closed 0 times.
2024-05-03T08:07:48.789-0500 [DEBUG] [org.gradle.cache.internal.LockOnDemandCrossProcessCacheAccess] Releasing file lock for file content cache (/Users/vasya/Documents/GitHub/A52-QA-Automation-Framework/caches/8.4/fileContent)
2024-05-03T08:07:48.789-0500 [DEBUG] [org.gradle.cache.internal.DefaultFileLockManager] Releasing lock on file content cache (/Users/vasya/Documents/GitHub/A52-QA-Automation-Framework/caches/8.4/fileContent).
2024-05-03T08:07:48.789-0500 [DEBUG] [org.gradle.internal.watch.vfs.impl.WatchingVirtualFileSystem] Closing VFS, dropping state
2024-05-03T08:07:48.792-0500 [DEBUG] [org.gradle.cache.internal.DefaultCacheCoordinator] Cache Generated Gradle JARs cache (/Users/vasya/Documents/GitHub/A52-QA-Automation-Framework/caches/8.4/generated-gradle-jars) was closed 0 times.
2024-05-03T08:07:48.792-0500 [DEBUG] [org.gradle.internal.watch.registry.impl.DefaultFileWatcherRegistry] Finished listening to file system change events
2024-05-03T08:07:48.792-0500 [DEBUG] [org.gradle.cache.internal.LockOnDemandCrossProcessCacheAccess] Releasing file lock for artifact cache (/Users/vasya/Documents/GitHub/A52-QA-Automation-Framework/caches/modules-2)
2024-05-03T08:07:48.792-0500 [DEBUG] [org.gradle.cache.internal.DefaultFileLockManager] Releasing lock on artifact cache (/Users/vasya/Documents/GitHub/A52-QA-Automation-Framework/caches/modules-2).
2024-05-03T08:07:48.793-0500 [DEBUG] [org.gradle.cache.internal.DefaultPersistentDirectoryStore] artifact cache (/Users/vasya/Documents/GitHub/A52-QA-Automation-Framework/caches/modules-2) has last been fully cleaned up 0 hours ago
2024-05-03T08:07:48.793-0500 [DEBUG] [org.gradle.cache.internal.LockOnDemandCrossProcessCacheAccess] Releasing file lock for journal cache (/Users/vasya/Documents/GitHub/A52-QA-Automation-Framework/caches/journal-1)
2024-05-03T08:07:48.793-0500 [DEBUG] [org.gradle.cache.internal.btree.BTreePersistentIndexedCache] Closing cache file-access.bin (/Users/vasya/Documents/GitHub/A52-QA-Automation-Framework/caches/journal-1/file-access.bin)
2024-05-03T08:07:48.794-0500 [DEBUG] [org.gradle.cache.internal.DefaultFileLockManager] Releasing lock on journal cache (/Users/vasya/Documents/GitHub/A52-QA-Automation-Framework/caches/journal-1).
2024-05-03T08:07:48.794-0500 [DEBUG] [org.gradle.cache.internal.LockOnDemandCrossProcessCacheAccess] Releasing file lock for file hash cache (/Users/vasya/Documents/GitHub/A52-QA-Automation-Framework/caches/8.4/fileHashes)
2024-05-03T08:07:48.794-0500 [DEBUG] [org.gradle.cache.internal.btree.BTreePersistentIndexedCache] Closing cache fileHashes.bin (/Users/vasya/Documents/GitHub/A52-QA-Automation-Framework/caches/8.4/fileHashes/fileHashes.bin)
2024-05-03T08:07:48.794-0500 [DEBUG] [org.gradle.cache.internal.btree.BTreePersistentIndexedCache] Closing cache resourceHashesCache.bin (/Users/vasya/Documents/GitHub/A52-QA-Automation-Framework/caches/8.4/fileHashes/resourceHashesCache.bin)
2024-05-03T08:07:48.795-0500 [DEBUG] [org.gradle.cache.internal.DefaultFileLockManager] Releasing lock on file hash cache (/Users/vasya/Documents/GitHub/A52-QA-Automation-Framework/caches/8.4/fileHashes).
2024-05-03T08:07:48.795-0500 [DEBUG] [org.gradle.cache.internal.LockOnDemandCrossProcessCacheAccess] Releasing file lock for execution history cache (/Users/vasya/Documents/GitHub/A52-QA-Automation-Framework/caches/8.4/executionHistory)
2024-05-03T08:07:48.795-0500 [DEBUG] [org.gradle.cache.internal.DefaultFileLockManager] Releasing lock on execution history cache (/Users/vasya/Documents/GitHub/A52-QA-Automation-Framework/caches/8.4/executionHistory).
Daemon vm is shutting down... The daemon has exited normally or was terminated in response to a user interrupt.
2024-05-03T08:07:48.797-0500 [DEBUG] [org.gradle.launcher.daemon.registry.PersistentDaemonRegistry] Removing daemon address: [3790e35b-700e-4c2f-a0aa-efecd7fe2fd9 port:60751, addresses:[localhost/127.0.0.1]]
2024-05-03T08:07:48.797-0500 [DEBUG] [org.gradle.cache.internal.DefaultFileLockManager] Waiting to acquire exclusive lock on daemon addresses registry.
2024-05-03T08:07:48.797-0500 [DEBUG] [org.gradle.cache.internal.DefaultFileLockManager] Lock acquired on daemon addresses registry.
2024-05-03T08:07:48.797-0500 [DEBUG] [org.gradle.cache.internal.DefaultFileLockManager] Releasing lock on daemon addresses registry.
