2024-03-24T12:48:55.477-0500 [DEBUG] [org.gradle.launcher.daemon.bootstrap.DaemonMain] Assuming the daemon was started with following jvm opts: [--add-opens=java.base/java.util=ALL-UNNAMED, --add-opens=java.base/java.lang=ALL-UNNAMED, --add-opens=java.base/java.lang.invoke=ALL-UNNAMED, --add-opens=java.prefs/java.util.prefs=ALL-UNNAMED, --add-opens=java.base/java.nio.charset=ALL-UNNAMED, --add-opens=java.base/java.net=ALL-UNNAMED, --add-opens=java.base/java.util.concurrent.atomic=ALL-UNNAMED, -XX:MaxMetaspaceSize=384m, -XX:+HeapDumpOnOutOfMemoryError, -Xms256m, -Xmx512m, -Dfile.encoding=UTF-8, -Duser.country=US, -Duser.language=en, -Duser.variant]
2024-03-24T12:48:55.610-0500 [INFO] [org.gradle.launcher.daemon.server.Daemon] start() called on daemon - DefaultDaemonContext[uid=f7cd77e6-da1e-42bc-85fa-25915c439e4d,javaHome=/Users/vasya/Library/Java/JavaVirtualMachines/openjdk-20/Contents/Home,daemonRegistryDir=/Users/vasya/Documents/GitHub/A52-QA-Automation-Framework/daemon,pid=2948,idleTimeout=10800000,priority=NORMAL,applyInstrumentationAgent=true,daemonOpts=--add-opens=java.base/java.util=ALL-UNNAMED,--add-opens=java.base/java.lang=ALL-UNNAMED,--add-opens=java.base/java.lang.invoke=ALL-UNNAMED,--add-opens=java.prefs/java.util.prefs=ALL-UNNAMED,--add-opens=java.base/java.nio.charset=ALL-UNNAMED,--add-opens=java.base/java.net=ALL-UNNAMED,--add-opens=java.base/java.util.concurrent.atomic=ALL-UNNAMED,-XX:MaxMetaspaceSize=384m,-XX:+HeapDumpOnOutOfMemoryError,-Xms256m,-Xmx512m,-Dfile.encoding=UTF-8,-Duser.country=US,-Duser.language=en,-Duser.variant]
2024-03-24T12:48:55.644-0500 [DEBUG] [org.gradle.internal.remote.internal.inet.InetAddresses] Adding IP addresses for network interface utun7
2024-03-24T12:48:55.645-0500 [DEBUG] [org.gradle.internal.remote.internal.inet.InetAddresses] Is this a loopback interface? false
2024-03-24T12:48:55.645-0500 [DEBUG] [org.gradle.internal.remote.internal.inet.InetAddresses] Adding remote address /fe80:0:0:0:d1bd:8a18:ba5b:cb38%utun7
2024-03-24T12:48:55.645-0500 [DEBUG] [org.gradle.internal.remote.internal.inet.InetAddresses] Adding IP addresses for network interface utun6
2024-03-24T12:48:55.645-0500 [DEBUG] [org.gradle.internal.remote.internal.inet.InetAddresses] Is this a loopback interface? false
2024-03-24T12:48:55.645-0500 [DEBUG] [org.gradle.internal.remote.internal.inet.InetAddresses] Adding remote address /fe80:0:0:0:7b7a:9e98:6a54:1527%utun6
2024-03-24T12:48:55.645-0500 [DEBUG] [org.gradle.internal.remote.internal.inet.InetAddresses] Adding IP addresses for network interface utun5
2024-03-24T12:48:55.645-0500 [DEBUG] [org.gradle.internal.remote.internal.inet.InetAddresses] Is this a loopback interface? false
2024-03-24T12:48:55.646-0500 [DEBUG] [org.gradle.internal.remote.internal.inet.InetAddresses] Adding remote address /fe80:0:0:0:386a:a8dd:6eb3:ca72%utun5
2024-03-24T12:48:55.646-0500 [DEBUG] [org.gradle.internal.remote.internal.inet.InetAddresses] Adding IP addresses for network interface utun4
2024-03-24T12:48:55.646-0500 [DEBUG] [org.gradle.internal.remote.internal.inet.InetAddresses] Is this a loopback interface? false
2024-03-24T12:48:55.646-0500 [DEBUG] [org.gradle.internal.remote.internal.inet.InetAddresses] Adding remote address /fe80:0:0:0:541:43d6:75aa:def5%utun4
2024-03-24T12:48:55.646-0500 [DEBUG] [org.gradle.internal.remote.internal.inet.InetAddresses] Adding IP addresses for network interface utun3
2024-03-24T12:48:55.646-0500 [DEBUG] [org.gradle.internal.remote.internal.inet.InetAddresses] Is this a loopback interface? false
2024-03-24T12:48:55.646-0500 [DEBUG] [org.gradle.internal.remote.internal.inet.InetAddresses] Adding remote address /fe80:0:0:0:ce81:b1c:bd2c:69e%utun3
2024-03-24T12:48:55.647-0500 [DEBUG] [org.gradle.internal.remote.internal.inet.InetAddresses] Adding IP addresses for network interface utun2
2024-03-24T12:48:55.647-0500 [DEBUG] [org.gradle.internal.remote.internal.inet.InetAddresses] Is this a loopback interface? false
2024-03-24T12:48:55.647-0500 [DEBUG] [org.gradle.internal.remote.internal.inet.InetAddresses] Adding remote address /fe80:0:0:0:9f7c:2952:302d:4eb7%utun2
2024-03-24T12:48:55.647-0500 [DEBUG] [org.gradle.internal.remote.internal.inet.InetAddresses] Adding IP addresses for network interface utun1
2024-03-24T12:48:55.647-0500 [DEBUG] [org.gradle.internal.remote.internal.inet.InetAddresses] Is this a loopback interface? false
2024-03-24T12:48:55.647-0500 [DEBUG] [org.gradle.internal.remote.internal.inet.InetAddresses] Adding remote address /fe80:0:0:0:c277:9c01:ef20:54dd%utun1
2024-03-24T12:48:55.648-0500 [DEBUG] [org.gradle.internal.remote.internal.inet.InetAddresses] Adding IP addresses for network interface utun0
2024-03-24T12:48:55.648-0500 [DEBUG] [org.gradle.internal.remote.internal.inet.InetAddresses] Is this a loopback interface? false
2024-03-24T12:48:55.648-0500 [DEBUG] [org.gradle.internal.remote.internal.inet.InetAddresses] Adding remote address /fe80:0:0:0:5279:28c9:ab82:1e33%utun0
2024-03-24T12:48:55.648-0500 [DEBUG] [org.gradle.internal.remote.internal.inet.InetAddresses] Adding IP addresses for network interface llw0
2024-03-24T12:48:55.648-0500 [DEBUG] [org.gradle.internal.remote.internal.inet.InetAddresses] Is this a loopback interface? false
2024-03-24T12:48:55.648-0500 [DEBUG] [org.gradle.internal.remote.internal.inet.InetAddresses] Adding remote address /fe80:0:0:0:c4:3aff:fee0:9e7b%llw0
2024-03-24T12:48:55.648-0500 [DEBUG] [org.gradle.internal.remote.internal.inet.InetAddresses] Adding IP addresses for network interface awdl0
2024-03-24T12:48:55.649-0500 [DEBUG] [org.gradle.internal.remote.internal.inet.InetAddresses] Is this a loopback interface? false
2024-03-24T12:48:55.649-0500 [DEBUG] [org.gradle.internal.remote.internal.inet.InetAddresses] Adding remote address /fe80:0:0:0:c4:3aff:fee0:9e7b%awdl0
2024-03-24T12:48:55.649-0500 [DEBUG] [org.gradle.internal.remote.internal.inet.InetAddresses] Adding IP addresses for network interface ap1
2024-03-24T12:48:55.649-0500 [DEBUG] [org.gradle.internal.remote.internal.inet.InetAddresses] Is this a loopback interface? false
2024-03-24T12:48:55.649-0500 [DEBUG] [org.gradle.internal.remote.internal.inet.InetAddresses] Adding remote address /fe80:0:0:0:b0be:83ff:fe7a:3e5c%ap1
2024-03-24T12:48:55.649-0500 [DEBUG] [org.gradle.internal.remote.internal.inet.InetAddresses] Adding IP addresses for network interface en0
2024-03-24T12:48:55.649-0500 [DEBUG] [org.gradle.internal.remote.internal.inet.InetAddresses] Is this a loopback interface? false
2024-03-24T12:48:55.649-0500 [DEBUG] [org.gradle.internal.remote.internal.inet.InetAddresses] Adding remote address /2601:483:980:9e0:0:0:0:5b5a%en0
2024-03-24T12:48:55.650-0500 [DEBUG] [org.gradle.internal.remote.internal.inet.InetAddresses] Adding remote address /2601:483:980:9e0:55ff:7064:68b1:aee3%en0
2024-03-24T12:48:55.650-0500 [DEBUG] [org.gradle.internal.remote.internal.inet.InetAddresses] Adding remote address /2601:483:980:9e0:c16:17d8:fcb7:2d56%en0
2024-03-24T12:48:55.650-0500 [DEBUG] [org.gradle.internal.remote.internal.inet.InetAddresses] Adding remote address /fe80:0:0:0:141e:b23e:c876:ad96%en0
2024-03-24T12:48:55.650-0500 [DEBUG] [org.gradle.internal.remote.internal.inet.InetAddresses] Adding remote address /10.0.0.237
2024-03-24T12:48:55.650-0500 [DEBUG] [org.gradle.internal.remote.internal.inet.InetAddresses] Adding IP addresses for network interface lo0
2024-03-24T12:48:55.651-0500 [DEBUG] [org.gradle.internal.remote.internal.inet.InetAddresses] Is this a loopback interface? true
2024-03-24T12:48:55.651-0500 [DEBUG] [org.gradle.internal.remote.internal.inet.InetAddresses] Ignoring remote address on loopback interface /fe80:0:0:0:0:0:0:1%lo0
2024-03-24T12:48:55.651-0500 [DEBUG] [org.gradle.internal.remote.internal.inet.InetAddresses] Adding loopback address /0:0:0:0:0:0:0:1%lo0
2024-03-24T12:48:55.651-0500 [DEBUG] [org.gradle.internal.remote.internal.inet.InetAddresses] Adding loopback address /127.0.0.1
2024-03-24T12:48:55.654-0500 [DEBUG] [org.gradle.internal.remote.internal.inet.TcpIncomingConnector] Listening on [3e0f82a6-e79c-4eff-b5cf-01d82cf64086 port:50879, addresses:[localhost/127.0.0.1]].
2024-03-24T12:48:55.661-0500 [DEBUG] [org.gradle.launcher.daemon.server.Daemon] Daemon starting at: Sun Mar 24 12:48:55 CDT 2024, with address: [3e0f82a6-e79c-4eff-b5cf-01d82cf64086 port:50879, addresses:[localhost/127.0.0.1]]
2024-03-24T12:48:55.661-0500 [INFO] [org.gradle.launcher.daemon.server.DaemonRegistryUpdater] Advertising the daemon address to the clients: [3e0f82a6-e79c-4eff-b5cf-01d82cf64086 port:50879, addresses:[localhost/127.0.0.1]]
2024-03-24T12:48:55.661-0500 [DEBUG] [org.gradle.launcher.daemon.server.DaemonRegistryUpdater] Advertised daemon context: DefaultDaemonContext[uid=f7cd77e6-da1e-42bc-85fa-25915c439e4d,javaHome=/Users/vasya/Library/Java/JavaVirtualMachines/openjdk-20/Contents/Home,daemonRegistryDir=/Users/vasya/Documents/GitHub/A52-QA-Automation-Framework/daemon,pid=2948,idleTimeout=10800000,priority=NORMAL,applyInstrumentationAgent=true,daemonOpts=--add-opens=java.base/java.util=ALL-UNNAMED,--add-opens=java.base/java.lang=ALL-UNNAMED,--add-opens=java.base/java.lang.invoke=ALL-UNNAMED,--add-opens=java.prefs/java.util.prefs=ALL-UNNAMED,--add-opens=java.base/java.nio.charset=ALL-UNNAMED,--add-opens=java.base/java.net=ALL-UNNAMED,--add-opens=java.base/java.util.concurrent.atomic=ALL-UNNAMED,-XX:MaxMetaspaceSize=384m,-XX:+HeapDumpOnOutOfMemoryError,-Xms256m,-Xmx512m,-Dfile.encoding=UTF-8,-Duser.country=US,-Duser.language=en,-Duser.variant]
2024-03-24T12:48:55.662-0500 [DEBUG] [org.gradle.launcher.daemon.registry.PersistentDaemonRegistry] Storing daemon address: [3e0f82a6-e79c-4eff-b5cf-01d82cf64086 port:50879, addresses:[localhost/127.0.0.1]], context: DefaultDaemonContext[uid=f7cd77e6-da1e-42bc-85fa-25915c439e4d,javaHome=/Users/vasya/Library/Java/JavaVirtualMachines/openjdk-20/Contents/Home,daemonRegistryDir=/Users/vasya/Documents/GitHub/A52-QA-Automation-Framework/daemon,pid=2948,idleTimeout=10800000,priority=NORMAL,applyInstrumentationAgent=true,daemonOpts=--add-opens=java.base/java.util=ALL-UNNAMED,--add-opens=java.base/java.lang=ALL-UNNAMED,--add-opens=java.base/java.lang.invoke=ALL-UNNAMED,--add-opens=java.prefs/java.util.prefs=ALL-UNNAMED,--add-opens=java.base/java.nio.charset=ALL-UNNAMED,--add-opens=java.base/java.net=ALL-UNNAMED,--add-opens=java.base/java.util.concurrent.atomic=ALL-UNNAMED,-XX:MaxMetaspaceSize=384m,-XX:+HeapDumpOnOutOfMemoryError,-Xms256m,-Xmx512m,-Dfile.encoding=UTF-8,-Duser.country=US,-Duser.language=en,-Duser.variant]
2024-03-24T12:48:55.669-0500 [DEBUG] [org.gradle.cache.internal.DefaultFileLockManager] Waiting to acquire exclusive lock on daemon addresses registry.
2024-03-24T12:48:55.671-0500 [DEBUG] [org.gradle.cache.internal.DefaultFileLockManager] Lock acquired on daemon addresses registry.
2024-03-24T12:48:55.674-0500 [DEBUG] [org.gradle.cache.internal.DefaultFileLockManager] Releasing lock on daemon addresses registry.
2024-03-24T12:48:55.674-0500 [LIFECYCLE] [org.gradle.launcher.daemon.server.Daemon] Daemon server started.
2024-03-24T12:48:55.675-0500 [DEBUG] [org.gradle.launcher.daemon.bootstrap.DaemonStartupCommunication] Completed writing the daemon greeting. Closing streams...
2024-03-24T12:48:55.677-0500 [DEBUG] [org.gradle.launcher.daemon.server.Daemon] stopOnExpiration() called on daemon
2024-03-24T12:48:55.678-0500 [DEBUG] [org.gradle.launcher.daemon.server.Daemon] awaitExpiration() called on daemon
2024-03-24T12:48:55.678-0500 [DEBUG] [org.gradle.launcher.daemon.server.DaemonStateCoordinator] daemon is running. Sleeping until state changes.
2024-03-24T12:48:55.683-0500 [DEBUG] [org.gradle.internal.remote.internal.inet.TcpIncomingConnector] Accepted connection from /127.0.0.1:50880 to /127.0.0.1:50879.
2024-03-24T12:48:55.721-0500 [DEBUG] [org.gradle.launcher.daemon.server.SynchronizedDispatchConnection] thread 32: received class org.gradle.launcher.daemon.protocol.Build
2024-03-24T12:48:55.721-0500 [DEBUG] [org.gradle.launcher.daemon.server.DefaultDaemonConnection] thread 32: Received non-IO message from client: Build{id=2eb773b0-8629-461d-9e50-98c89a6235ee, currentDir=/Users/vasya/Documents/GitHub/A52-QA-Automation-Framework}
2024-03-24T12:48:55.722-0500 [INFO] [org.gradle.launcher.daemon.server.DefaultIncomingConnectionHandler] Received command: Build{id=2eb773b0-8629-461d-9e50-98c89a6235ee, currentDir=/Users/vasya/Documents/GitHub/A52-QA-Automation-Framework}.
2024-03-24T12:48:55.722-0500 [DEBUG] [org.gradle.launcher.daemon.server.DefaultIncomingConnectionHandler] Starting executing command: Build{id=2eb773b0-8629-461d-9e50-98c89a6235ee, currentDir=/Users/vasya/Documents/GitHub/A52-QA-Automation-Framework} with connection: socket connection from /127.0.0.1:50879 to /127.0.0.1:50880.
2024-03-24T12:48:55.724-0500 [DEBUG] [org.gradle.launcher.daemon.server.DaemonStateCoordinator] Command execution: started DaemonCommandExecution[command = Build{id=2eb773b0-8629-461d-9e50-98c89a6235ee, currentDir=/Users/vasya/Documents/GitHub/A52-QA-Automation-Framework}, connection = DefaultDaemonConnection: socket connection from /127.0.0.1:50879 to /127.0.0.1:50880] after 0.0 minutes of idle
2024-03-24T12:48:55.724-0500 [INFO] [org.gradle.launcher.daemon.server.DaemonRegistryUpdater] Marking the daemon as busy, address: [3e0f82a6-e79c-4eff-b5cf-01d82cf64086 port:50879, addresses:[localhost/127.0.0.1]]
2024-03-24T12:48:55.724-0500 [DEBUG] [org.gradle.launcher.daemon.registry.PersistentDaemonRegistry] Marking busy by address: [3e0f82a6-e79c-4eff-b5cf-01d82cf64086 port:50879, addresses:[localhost/127.0.0.1]]
2024-03-24T12:48:55.724-0500 [DEBUG] [org.gradle.cache.internal.DefaultFileLockManager] Waiting to acquire exclusive lock on daemon addresses registry.
2024-03-24T12:48:55.724-0500 [DEBUG] [org.gradle.cache.internal.DefaultFileLockManager] Lock acquired on daemon addresses registry.
2024-03-24T12:48:55.725-0500 [DEBUG] [org.gradle.cache.internal.DefaultFileLockManager] Releasing lock on daemon addresses registry.
2024-03-24T12:48:55.725-0500 [DEBUG] [org.gradle.launcher.daemon.server.DaemonStateCoordinator] resetting idle timer
2024-03-24T12:48:55.725-0500 [DEBUG] [org.gradle.launcher.daemon.server.DaemonStateCoordinator] daemon is running. Sleeping until state changes.
2024-03-24T12:48:55.725-0500 [INFO] [org.gradle.launcher.daemon.server.exec.StartBuildOrRespondWithBusy] Daemon is about to start building Build{id=2eb773b0-8629-461d-9e50-98c89a6235ee, currentDir=/Users/vasya/Documents/GitHub/A52-QA-Automation-Framework}. Dispatching build started information...
2024-03-24T12:48:55.726-0500 [DEBUG] [org.gradle.launcher.daemon.server.SynchronizedDispatchConnection] thread 34: dispatching org.gradle.launcher.daemon.protocol.BuildStarted@5c0736db
2024-03-24T12:48:55.726-0500 [DEBUG] [org.gradle.launcher.daemon.server.exec.EstablishBuildEnvironment] Configuring env variables: [PATH, __CFBundleIdentifier, SHELL, MANPATH, IJ_RESTARTER_LOG, HOMEBREW_CELLAR, OLDPWD, SECURITYSESSIONID, USER, HOMEBREW_PREFIX, COMMAND_MODE, LaunchInstanceID, TMPDIR, SSH_AUTH_SOCK, XPC_FLAGS, __CF_USER_TEXT_ENCODING, LOGNAME, HOMEBREW_REPOSITORY, LC_CTYPE, XPC_SERVICE_NAME, IDEA_INITIAL_DIRECTORY, INFOPATH, HOME]
2024-03-24T12:48:55.728-0500 [DEBUG] [org.gradle.launcher.daemon.server.SynchronizedDispatchConnection] thread 32: received class org.gradle.launcher.daemon.protocol.CloseInput
2024-03-24T12:48:55.728-0500 [DEBUG] [org.gradle.launcher.daemon.server.DefaultDaemonConnection] thread 32: Received IO message from client: org.gradle.launcher.daemon.protocol.CloseInput@affeb56
2024-03-24T12:48:55.728-0500 [DEBUG] [org.gradle.launcher.daemon.server.exec.LogToClient] About to start relaying all logs to the client via the connection.
2024-03-24T12:48:55.728-0500 [INFO] [org.gradle.launcher.daemon.server.exec.LogToClient] The client will now receive all logging from the daemon (pid: 2948). The daemon log file: /Users/vasya/Documents/GitHub/A52-QA-Automation-Framework/daemon/8.4/daemon-2948.out.log
2024-03-24T12:48:55.730-0500 [INFO] [org.gradle.launcher.daemon.server.exec.LogAndCheckHealth] Starting build in new daemon [memory: 512 MiB]
2024-03-24T12:48:55.731-0500 [INFO] [org.gradle.launcher.daemon.server.exec.ForwardClientInput] Closing daemon's stdin at end of input.
2024-03-24T12:48:55.731-0500 [INFO] [org.gradle.launcher.daemon.server.exec.ForwardClientInput] The daemon will no longer process any standard input.
2024-03-24T12:48:55.732-0500 [DEBUG] [org.gradle.launcher.daemon.server.exec.ExecuteBuild] The daemon has started executing the build.
2024-03-24T12:48:55.732-0500 [DEBUG] [org.gradle.launcher.daemon.server.exec.ExecuteBuild] Executing build with daemon context: DefaultDaemonContext[uid=f7cd77e6-da1e-42bc-85fa-25915c439e4d,javaHome=/Users/vasya/Library/Java/JavaVirtualMachines/openjdk-20/Contents/Home,daemonRegistryDir=/Users/vasya/Documents/GitHub/A52-QA-Automation-Framework/daemon,pid=2948,idleTimeout=10800000,priority=NORMAL,applyInstrumentationAgent=true,daemonOpts=--add-opens=java.base/java.util=ALL-UNNAMED,--add-opens=java.base/java.lang=ALL-UNNAMED,--add-opens=java.base/java.lang.invoke=ALL-UNNAMED,--add-opens=java.prefs/java.util.prefs=ALL-UNNAMED,--add-opens=java.base/java.nio.charset=ALL-UNNAMED,--add-opens=java.base/java.net=ALL-UNNAMED,--add-opens=java.base/java.util.concurrent.atomic=ALL-UNNAMED,-XX:MaxMetaspaceSize=384m,-XX:+HeapDumpOnOutOfMemoryError,-Xms256m,-Xmx512m,-Dfile.encoding=UTF-8,-Duser.country=US,-Duser.language=en,-Duser.variant]

FAILURE: Build failed with an exception.

* Where:
Build file '/Users/vasya/Documents/GitHub/A52-QA-Automation-Framework/build.gradle' line: 20

* What went wrong:
Could not compile build file '/Users/vasya/Documents/GitHub/A52-QA-Automation-Framework/build.gradle'.
> startup failed:
  build file '/Users/vasya/Documents/GitHub/A52-QA-Automation-Framework/build.gradle': 20: Unexpected input: '{\n    testImplementation 'org.testng:testng:7.6.1'\n   // implementation 'org.seleniumhq.selenium:selenium-java:4.5.0'\n   // testImplementation 'io.github.bonigarcia:webdrivermanager:5.4.1'\n    implementation 'org.seleniumhq.selenium:selenium-java:4.18.1'\n    testImplementation 'io.github.bonigarcia:webdrivermanager:5.7.0'\n}\n        <dependency>\n        <' @ line 20, column 9.
             <groupId>org.seleniumhq.selenium</groupId>
             ^
  
  1 error


* Try:
> Run with --stacktrace option to get the stack trace.
> Run with --info or --debug option to get more log output.
> Run with --scan to get full insights.
> Get more help at https://help.gradle.org.

CONFIGURE FAILED in 8s
2024-03-24T12:49:00.981-0500 [DEBUG] [org.gradle.launcher.daemon.server.exec.ExecuteBuild] The daemon has finished executing the build.
2024-03-24T12:49:00.992-0500 [DEBUG] [org.gradle.launcher.daemon.server.DaemonStateCoordinator] daemon is running. Sleeping until state changes.
2024-03-24T12:49:00.992-0500 [DEBUG] [org.gradle.launcher.daemon.server.DaemonStateCoordinator] Command execution: finished waiting for DaemonCommandExecution[command = Build{id=2eb773b0-8629-461d-9e50-98c89a6235ee, currentDir=/Users/vasya/Documents/GitHub/A52-QA-Automation-Framework}, connection = DefaultDaemonConnection: socket connection from /127.0.0.1:50879 to /127.0.0.1:50880]. Result org.gradle.launcher.daemon.server.DaemonStateCoordinator@4007b9e1 with state Busy
2024-03-24T12:49:00.992-0500 [DEBUG] [org.gradle.launcher.daemon.server.DaemonStateCoordinator] Command execution: completed DaemonCommandExecution[command = Build{id=2eb773b0-8629-461d-9e50-98c89a6235ee, currentDir=/Users/vasya/Documents/GitHub/A52-QA-Automation-Framework}, connection = DefaultDaemonConnection: socket connection from /127.0.0.1:50879 to /127.0.0.1:50880]
2024-03-24T12:49:00.992-0500 [DEBUG] [org.gradle.launcher.daemon.server.DaemonStateCoordinator] resetting idle timer
2024-03-24T12:49:00.992-0500 [INFO] [org.gradle.launcher.daemon.server.DaemonRegistryUpdater] Marking the daemon as idle, address: [3e0f82a6-e79c-4eff-b5cf-01d82cf64086 port:50879, addresses:[localhost/127.0.0.1]]
2024-03-24T12:49:00.992-0500 [DEBUG] [org.gradle.launcher.daemon.registry.PersistentDaemonRegistry] Marking busy by address: [3e0f82a6-e79c-4eff-b5cf-01d82cf64086 port:50879, addresses:[localhost/127.0.0.1]]
2024-03-24T12:49:00.992-0500 [DEBUG] [org.gradle.cache.internal.DefaultFileLockManager] Waiting to acquire exclusive lock on daemon addresses registry.
2024-03-24T12:49:00.993-0500 [DEBUG] [org.gradle.cache.internal.DefaultFileLockManager] Lock acquired on daemon addresses registry.
2024-03-24T12:49:00.993-0500 [DEBUG] [org.gradle.cache.internal.DefaultFileLockManager] Releasing lock on daemon addresses registry.
2024-03-24T12:49:00.993-0500 [DEBUG] [org.gradle.launcher.daemon.server.DaemonStateCoordinator] daemon is running. Sleeping until state changes.
2024-03-24T12:49:00.993-0500 [DEBUG] [org.gradle.launcher.daemon.server.exec.ReturnResult] Daemon is dispatching the build result: Success[value=org.gradle.launcher.exec.BuildActionResult@8e2cc4e]
2024-03-24T12:49:00.993-0500 [DEBUG] [org.gradle.launcher.daemon.server.SynchronizedDispatchConnection] thread 31: dispatching Success[value=org.gradle.launcher.exec.BuildActionResult@8e2cc4e]
2024-03-24T12:49:00.995-0500 [DEBUG] [org.gradle.launcher.daemon.server.DefaultIncomingConnectionHandler] Finishing executing command: Build{id=2eb773b0-8629-461d-9e50-98c89a6235ee, currentDir=/Users/vasya/Documents/GitHub/A52-QA-Automation-Framework}
2024-03-24T12:49:01.001-0500 [DEBUG] [org.gradle.launcher.daemon.server.SynchronizedDispatchConnection] thread 32: received class org.gradle.launcher.daemon.protocol.Finished
2024-03-24T12:49:01.002-0500 [DEBUG] [org.gradle.launcher.daemon.server.DefaultDaemonConnection] thread 32: Received non-IO message from client: org.gradle.launcher.daemon.protocol.Finished@4645f8a7
2024-03-24T12:49:01.002-0500 [DEBUG] [org.gradle.launcher.daemon.server.DefaultIncomingConnectionHandler] Received finished message: org.gradle.launcher.daemon.protocol.Finished@4645f8a7
2024-03-24T12:49:01.002-0500 [DEBUG] [org.gradle.internal.remote.internal.inet.SocketConnection] Discarding EOFException: java.io.EOFException
2024-03-24T12:49:01.002-0500 [DEBUG] [org.gradle.launcher.daemon.server.SynchronizedDispatchConnection] thread 31: stopping connection
2024-03-24T12:49:01.002-0500 [DEBUG] [org.gradle.launcher.daemon.server.SynchronizedDispatchConnection] thread 32: received null
2024-03-24T12:49:01.003-0500 [DEBUG] [org.gradle.launcher.daemon.server.DefaultDaemonConnection] thread 32: Received end-of-input from client.
2024-03-24T12:49:01.004-0500 [DEBUG] [org.gradle.launcher.daemon.server.SynchronizedDispatchConnection] thread 31: stopping connection
2024-03-24T12:49:05.539-0500 [DEBUG] [org.gradle.internal.remote.internal.inet.TcpIncomingConnector] Accepted connection from /127.0.0.1:50892 to /127.0.0.1:50879.
2024-03-24T12:49:05.545-0500 [DEBUG] [org.gradle.launcher.daemon.server.SynchronizedDispatchConnection] thread 61: received class org.gradle.launcher.daemon.protocol.Build
2024-03-24T12:49:05.545-0500 [DEBUG] [org.gradle.launcher.daemon.server.DefaultDaemonConnection] thread 61: Received non-IO message from client: Build{id=94cd6c91-382a-4c89-a446-51a840ccdd51, currentDir=/Users/vasya/Documents/GitHub/A52-QA-Automation-Framework}
2024-03-24T12:49:05.545-0500 [INFO] [org.gradle.launcher.daemon.server.DefaultIncomingConnectionHandler] Received command: Build{id=94cd6c91-382a-4c89-a446-51a840ccdd51, currentDir=/Users/vasya/Documents/GitHub/A52-QA-Automation-Framework}.
2024-03-24T12:49:05.545-0500 [DEBUG] [org.gradle.launcher.daemon.server.DefaultIncomingConnectionHandler] Starting executing command: Build{id=94cd6c91-382a-4c89-a446-51a840ccdd51, currentDir=/Users/vasya/Documents/GitHub/A52-QA-Automation-Framework} with connection: socket connection from /127.0.0.1:50879 to /127.0.0.1:50892.
2024-03-24T12:49:05.546-0500 [DEBUG] [org.gradle.launcher.daemon.server.DaemonStateCoordinator] Command execution: started DaemonCommandExecution[command = Build{id=94cd6c91-382a-4c89-a446-51a840ccdd51, currentDir=/Users/vasya/Documents/GitHub/A52-QA-Automation-Framework}, connection = DefaultDaemonConnection: socket connection from /127.0.0.1:50879 to /127.0.0.1:50892] after 0.0 minutes of idle
2024-03-24T12:49:05.546-0500 [INFO] [org.gradle.launcher.daemon.server.DaemonRegistryUpdater] Marking the daemon as busy, address: [3e0f82a6-e79c-4eff-b5cf-01d82cf64086 port:50879, addresses:[localhost/127.0.0.1]]
2024-03-24T12:49:05.546-0500 [DEBUG] [org.gradle.launcher.daemon.registry.PersistentDaemonRegistry] Marking busy by address: [3e0f82a6-e79c-4eff-b5cf-01d82cf64086 port:50879, addresses:[localhost/127.0.0.1]]
2024-03-24T12:49:05.547-0500 [DEBUG] [org.gradle.cache.internal.DefaultFileLockManager] Waiting to acquire exclusive lock on daemon addresses registry.
2024-03-24T12:49:05.547-0500 [DEBUG] [org.gradle.cache.internal.DefaultFileLockManager] Lock acquired on daemon addresses registry.
2024-03-24T12:49:05.548-0500 [DEBUG] [org.gradle.cache.internal.DefaultFileLockManager] Releasing lock on daemon addresses registry.
2024-03-24T12:49:05.548-0500 [DEBUG] [org.gradle.launcher.daemon.server.DaemonStateCoordinator] resetting idle timer
2024-03-24T12:49:05.548-0500 [INFO] [org.gradle.launcher.daemon.server.exec.StartBuildOrRespondWithBusy] Daemon is about to start building Build{id=94cd6c91-382a-4c89-a446-51a840ccdd51, currentDir=/Users/vasya/Documents/GitHub/A52-QA-Automation-Framework}. Dispatching build started information...
2024-03-24T12:49:05.548-0500 [DEBUG] [org.gradle.launcher.daemon.server.SynchronizedDispatchConnection] thread 34: dispatching org.gradle.launcher.daemon.protocol.BuildStarted@554813b6
2024-03-24T12:49:05.548-0500 [DEBUG] [org.gradle.launcher.daemon.server.DaemonStateCoordinator] daemon is running. Sleeping until state changes.
2024-03-24T12:49:05.549-0500 [DEBUG] [org.gradle.launcher.daemon.server.exec.EstablishBuildEnvironment] Configuring env variables: [PATH, __CFBundleIdentifier, SHELL, MANPATH, IJ_RESTARTER_LOG, HOMEBREW_CELLAR, OLDPWD, SECURITYSESSIONID, USER, HOMEBREW_PREFIX, COMMAND_MODE, LaunchInstanceID, TMPDIR, SSH_AUTH_SOCK, XPC_FLAGS, __CF_USER_TEXT_ENCODING, LOGNAME, HOMEBREW_REPOSITORY, LC_CTYPE, XPC_SERVICE_NAME, IDEA_INITIAL_DIRECTORY, INFOPATH, HOME]
2024-03-24T12:49:05.549-0500 [DEBUG] [org.gradle.launcher.daemon.server.SynchronizedDispatchConnection] thread 61: received class org.gradle.launcher.daemon.protocol.CloseInput
2024-03-24T12:49:05.549-0500 [DEBUG] [org.gradle.launcher.daemon.server.DefaultDaemonConnection] thread 61: Received IO message from client: org.gradle.launcher.daemon.protocol.CloseInput@e1ebff
2024-03-24T12:49:05.550-0500 [DEBUG] [org.gradle.launcher.daemon.server.exec.LogToClient] About to start relaying all logs to the client via the connection.
2024-03-24T12:49:05.550-0500 [INFO] [org.gradle.launcher.daemon.server.exec.LogToClient] The client will now receive all logging from the daemon (pid: 2948). The daemon log file: /Users/vasya/Documents/GitHub/A52-QA-Automation-Framework/daemon/8.4/daemon-2948.out.log
2024-03-24T12:49:05.553-0500 [INFO] [org.gradle.launcher.daemon.server.exec.LogAndCheckHealth] Starting 2nd build in daemon [uptime: 10.016 secs, performance: 99%, GC rate: 0.00/s, heap usage: 2% of 512 MiB, non-heap usage: 11% of 384 MiB]
2024-03-24T12:49:05.554-0500 [DEBUG] [org.gradle.launcher.daemon.server.exec.ExecuteBuild] The daemon has started executing the build.
2024-03-24T12:49:05.554-0500 [INFO] [org.gradle.launcher.daemon.server.exec.ForwardClientInput] Closing daemon's stdin at end of input.
2024-03-24T12:49:05.554-0500 [DEBUG] [org.gradle.launcher.daemon.server.exec.ExecuteBuild] Executing build with daemon context: DefaultDaemonContext[uid=f7cd77e6-da1e-42bc-85fa-25915c439e4d,javaHome=/Users/vasya/Library/Java/JavaVirtualMachines/openjdk-20/Contents/Home,daemonRegistryDir=/Users/vasya/Documents/GitHub/A52-QA-Automation-Framework/daemon,pid=2948,idleTimeout=10800000,priority=NORMAL,applyInstrumentationAgent=true,daemonOpts=--add-opens=java.base/java.util=ALL-UNNAMED,--add-opens=java.base/java.lang=ALL-UNNAMED,--add-opens=java.base/java.lang.invoke=ALL-UNNAMED,--add-opens=java.prefs/java.util.prefs=ALL-UNNAMED,--add-opens=java.base/java.nio.charset=ALL-UNNAMED,--add-opens=java.base/java.net=ALL-UNNAMED,--add-opens=java.base/java.util.concurrent.atomic=ALL-UNNAMED,-XX:MaxMetaspaceSize=384m,-XX:+HeapDumpOnOutOfMemoryError,-Xms256m,-Xmx512m,-Dfile.encoding=UTF-8,-Duser.country=US,-Duser.language=en,-Duser.variant]
2024-03-24T12:49:05.554-0500 [INFO] [org.gradle.launcher.daemon.server.exec.ForwardClientInput] The daemon will no longer process any standard input.

FAILURE: Build failed with an exception.

* Where:
Build file '/Users/vasya/Documents/GitHub/A52-QA-Automation-Framework/build.gradle' line: 20

* What went wrong:
Could not compile build file '/Users/vasya/Documents/GitHub/A52-QA-Automation-Framework/build.gradle'.
> startup failed:
  build file '/Users/vasya/Documents/GitHub/A52-QA-Automation-Framework/build.gradle': 20: Unexpected input: '{\n    testImplementation 'org.testng:testng:7.6.1'\n   // implementation 'org.seleniumhq.selenium:selenium-java:4.5.0'\n   // testImplementation 'io.github.bonigarcia:webdrivermanager:5.4.1'\n    implementation 'org.seleniumhq.selenium:selenium-java:4.18.1'\n    testImplementation 'io.github.bonigarcia:webdrivermanager:5.7.0'\n}\n        <dependency>\n        <' @ line 20, column 9.
             <groupId>org.seleniumhq.selenium</groupId>
             ^
  
  1 error


* Try:
> Run with --stacktrace option to get the stack trace.
> Run with --info or --debug option to get more log output.
> Run with --scan to get full insights.
> Get more help at https://help.gradle.org.

CONFIGURE FAILED in 78ms
2024-03-24T12:49:05.627-0500 [DEBUG] [org.gradle.launcher.daemon.server.exec.ExecuteBuild] The daemon has finished executing the build.
2024-03-24T12:49:05.633-0500 [DEBUG] [org.gradle.launcher.daemon.server.DaemonStateCoordinator] Command execution: finished waiting for DaemonCommandExecution[command = Build{id=94cd6c91-382a-4c89-a446-51a840ccdd51, currentDir=/Users/vasya/Documents/GitHub/A52-QA-Automation-Framework}, connection = DefaultDaemonConnection: socket connection from /127.0.0.1:50879 to /127.0.0.1:50892]. Result org.gradle.launcher.daemon.server.DaemonStateCoordinator@4007b9e1 with state Busy
2024-03-24T12:49:05.633-0500 [DEBUG] [org.gradle.launcher.daemon.server.DaemonStateCoordinator] Command execution: completed DaemonCommandExecution[command = Build{id=94cd6c91-382a-4c89-a446-51a840ccdd51, currentDir=/Users/vasya/Documents/GitHub/A52-QA-Automation-Framework}, connection = DefaultDaemonConnection: socket connection from /127.0.0.1:50879 to /127.0.0.1:50892]
2024-03-24T12:49:05.633-0500 [DEBUG] [org.gradle.launcher.daemon.server.DaemonStateCoordinator] resetting idle timer
2024-03-24T12:49:05.633-0500 [INFO] [org.gradle.launcher.daemon.server.DaemonRegistryUpdater] Marking the daemon as idle, address: [3e0f82a6-e79c-4eff-b5cf-01d82cf64086 port:50879, addresses:[localhost/127.0.0.1]]
2024-03-24T12:49:05.633-0500 [DEBUG] [org.gradle.launcher.daemon.registry.PersistentDaemonRegistry] Marking busy by address: [3e0f82a6-e79c-4eff-b5cf-01d82cf64086 port:50879, addresses:[localhost/127.0.0.1]]
2024-03-24T12:49:05.633-0500 [DEBUG] [org.gradle.cache.internal.DefaultFileLockManager] Waiting to acquire exclusive lock on daemon addresses registry.
2024-03-24T12:49:05.634-0500 [DEBUG] [org.gradle.cache.internal.DefaultFileLockManager] Lock acquired on daemon addresses registry.
2024-03-24T12:49:05.634-0500 [DEBUG] [org.gradle.cache.internal.DefaultFileLockManager] Releasing lock on daemon addresses registry.
2024-03-24T12:49:05.634-0500 [DEBUG] [org.gradle.launcher.daemon.server.exec.ReturnResult] Daemon is dispatching the build result: Success[value=org.gradle.launcher.exec.BuildActionResult@34c082c8]
2024-03-24T12:49:05.635-0500 [DEBUG] [org.gradle.launcher.daemon.server.SynchronizedDispatchConnection] thread 31: dispatching Success[value=org.gradle.launcher.exec.BuildActionResult@34c082c8]
2024-03-24T12:49:05.635-0500 [DEBUG] [org.gradle.launcher.daemon.server.DaemonStateCoordinator] daemon is running. Sleeping until state changes.
2024-03-24T12:49:05.636-0500 [DEBUG] [org.gradle.launcher.daemon.server.DefaultIncomingConnectionHandler] Finishing executing command: Build{id=94cd6c91-382a-4c89-a446-51a840ccdd51, currentDir=/Users/vasya/Documents/GitHub/A52-QA-Automation-Framework}
2024-03-24T12:49:05.638-0500 [DEBUG] [org.gradle.launcher.daemon.server.SynchronizedDispatchConnection] thread 61: received class org.gradle.launcher.daemon.protocol.Finished
2024-03-24T12:49:05.638-0500 [DEBUG] [org.gradle.launcher.daemon.server.DefaultDaemonConnection] thread 61: Received non-IO message from client: org.gradle.launcher.daemon.protocol.Finished@e261593
2024-03-24T12:49:05.638-0500 [DEBUG] [org.gradle.launcher.daemon.server.DefaultIncomingConnectionHandler] Received finished message: org.gradle.launcher.daemon.protocol.Finished@e261593
2024-03-24T12:49:05.638-0500 [DEBUG] [org.gradle.internal.remote.internal.inet.SocketConnection] Discarding EOFException: java.io.EOFException
2024-03-24T12:49:05.638-0500 [DEBUG] [org.gradle.launcher.daemon.server.SynchronizedDispatchConnection] thread 31: stopping connection
2024-03-24T12:49:05.638-0500 [DEBUG] [org.gradle.launcher.daemon.server.SynchronizedDispatchConnection] thread 61: received null
2024-03-24T12:49:05.639-0500 [DEBUG] [org.gradle.launcher.daemon.server.DefaultDaemonConnection] thread 61: Received end-of-input from client.
2024-03-24T12:49:05.639-0500 [DEBUG] [org.gradle.launcher.daemon.server.SynchronizedDispatchConnection] thread 31: stopping connection
2024-03-24T12:49:05.683-0500 [DEBUG] [org.gradle.cache.internal.DefaultFileLockManager] Waiting to acquire shared lock on daemon addresses registry.
2024-03-24T12:49:05.683-0500 [DEBUG] [org.gradle.cache.internal.DefaultFileLockManager] Lock acquired on daemon addresses registry.
2024-03-24T12:49:05.683-0500 [DEBUG] [org.gradle.cache.internal.DefaultFileLockManager] Releasing lock on daemon addresses registry.
2024-03-24T12:49:05.684-0500 [DEBUG] [org.gradle.cache.internal.DefaultFileLockManager] Waiting to acquire shared lock on daemon addresses registry.
2024-03-24T12:49:05.684-0500 [DEBUG] [org.gradle.cache.internal.DefaultFileLockManager] Lock acquired on daemon addresses registry.
2024-03-24T12:49:05.684-0500 [DEBUG] [org.gradle.cache.internal.DefaultFileLockManager] Releasing lock on daemon addresses registry.
2024-03-24T12:49:15.684-0500 [DEBUG] [org.gradle.cache.internal.DefaultFileLockManager] Waiting to acquire shared lock on daemon addresses registry.
2024-03-24T12:49:15.687-0500 [DEBUG] [org.gradle.cache.internal.DefaultFileLockManager] Lock acquired on daemon addresses registry.
2024-03-24T12:49:15.687-0500 [DEBUG] [org.gradle.cache.internal.DefaultFileLockManager] Releasing lock on daemon addresses registry.
2024-03-24T12:49:15.689-0500 [DEBUG] [org.gradle.cache.internal.DefaultFileLockManager] Waiting to acquire shared lock on daemon addresses registry.
2024-03-24T12:49:15.689-0500 [DEBUG] [org.gradle.cache.internal.DefaultFileLockManager] Lock acquired on daemon addresses registry.
2024-03-24T12:49:15.689-0500 [DEBUG] [org.gradle.cache.internal.DefaultFileLockManager] Releasing lock on daemon addresses registry.
2024-03-24T12:49:15.690-0500 [DEBUG] [org.gradle.cache.internal.DefaultFileLockManager] Waiting to acquire shared lock on daemon addresses registry.
2024-03-24T12:49:15.690-0500 [DEBUG] [org.gradle.cache.internal.DefaultFileLockManager] Lock acquired on daemon addresses registry.
2024-03-24T12:49:15.690-0500 [DEBUG] [org.gradle.cache.internal.DefaultFileLockManager] Releasing lock on daemon addresses registry.
2024-03-24T12:49:25.684-0500 [DEBUG] [org.gradle.cache.internal.DefaultFileLockManager] Waiting to acquire shared lock on daemon addresses registry.
2024-03-24T12:49:25.685-0500 [DEBUG] [org.gradle.cache.internal.DefaultFileLockManager] Lock acquired on daemon addresses registry.
2024-03-24T12:49:25.685-0500 [DEBUG] [org.gradle.cache.internal.DefaultFileLockManager] Releasing lock on daemon addresses registry.
2024-03-24T12:49:25.685-0500 [DEBUG] [org.gradle.cache.internal.DefaultFileLockManager] Waiting to acquire shared lock on daemon addresses registry.
2024-03-24T12:49:25.685-0500 [DEBUG] [org.gradle.cache.internal.DefaultFileLockManager] Lock acquired on daemon addresses registry.
2024-03-24T12:49:25.685-0500 [DEBUG] [org.gradle.cache.internal.DefaultFileLockManager] Releasing lock on daemon addresses registry.
2024-03-24T12:49:25.685-0500 [DEBUG] [org.gradle.cache.internal.DefaultFileLockManager] Waiting to acquire shared lock on daemon addresses registry.
2024-03-24T12:49:25.685-0500 [DEBUG] [org.gradle.cache.internal.DefaultFileLockManager] Lock acquired on daemon addresses registry.
2024-03-24T12:49:25.685-0500 [DEBUG] [org.gradle.cache.internal.DefaultFileLockManager] Releasing lock on daemon addresses registry.
2024-03-24T12:49:35.684-0500 [DEBUG] [org.gradle.cache.internal.DefaultFileLockManager] Waiting to acquire shared lock on daemon addresses registry.
2024-03-24T12:49:35.688-0500 [DEBUG] [org.gradle.cache.internal.DefaultFileLockManager] Lock acquired on daemon addresses registry.
2024-03-24T12:49:35.689-0500 [DEBUG] [org.gradle.cache.internal.DefaultFileLockManager] Releasing lock on daemon addresses registry.
2024-03-24T12:49:35.689-0500 [DEBUG] [org.gradle.cache.internal.DefaultFileLockManager] Waiting to acquire shared lock on daemon addresses registry.
2024-03-24T12:49:35.690-0500 [DEBUG] [org.gradle.cache.internal.DefaultFileLockManager] Lock acquired on daemon addresses registry.
2024-03-24T12:49:35.690-0500 [DEBUG] [org.gradle.cache.internal.DefaultFileLockManager] Releasing lock on daemon addresses registry.
2024-03-24T12:49:35.690-0500 [DEBUG] [org.gradle.cache.internal.DefaultFileLockManager] Waiting to acquire shared lock on daemon addresses registry.
2024-03-24T12:49:35.690-0500 [DEBUG] [org.gradle.cache.internal.DefaultFileLockManager] Lock acquired on daemon addresses registry.
2024-03-24T12:49:35.690-0500 [DEBUG] [org.gradle.cache.internal.DefaultFileLockManager] Releasing lock on daemon addresses registry.
2024-03-24T12:49:35.887-0500 [DEBUG] [org.gradle.internal.remote.internal.inet.TcpIncomingConnector] Accepted connection from /127.0.0.1:50939 to /127.0.0.1:50879.
2024-03-24T12:49:35.898-0500 [DEBUG] [org.gradle.launcher.daemon.server.SynchronizedDispatchConnection] thread 71: received class org.gradle.launcher.daemon.protocol.StopWhenIdle
2024-03-24T12:49:35.898-0500 [DEBUG] [org.gradle.launcher.daemon.server.DefaultDaemonConnection] thread 71: Received non-IO message from client: StopWhenIdle[id=2ae49c22-b320-4eb3-9220-408dd6aff7d2]
2024-03-24T12:49:35.898-0500 [INFO] [org.gradle.launcher.daemon.server.DefaultIncomingConnectionHandler] Received command: StopWhenIdle[id=2ae49c22-b320-4eb3-9220-408dd6aff7d2].
2024-03-24T12:49:35.898-0500 [DEBUG] [org.gradle.launcher.daemon.server.DefaultIncomingConnectionHandler] Starting executing command: StopWhenIdle[id=2ae49c22-b320-4eb3-9220-408dd6aff7d2] with connection: socket connection from /127.0.0.1:50879 to /127.0.0.1:50939.
2024-03-24T12:49:35.900-0500 [DEBUG] [org.gradle.launcher.daemon.server.DaemonRegistryUpdater] Storing daemon stop event: stop command received
2024-03-24T12:49:35.900-0500 [DEBUG] [org.gradle.launcher.daemon.registry.PersistentDaemonRegistry] Storing daemon stop event with timestamp 1711302575900
2024-03-24T12:49:35.903-0500 [DEBUG] [org.gradle.cache.internal.DefaultFileLockManager] Waiting to acquire exclusive lock on daemon addresses registry.
2024-03-24T12:49:35.903-0500 [DEBUG] [org.gradle.cache.internal.DefaultFileLockManager] Lock acquired on daemon addresses registry.
2024-03-24T12:49:35.903-0500 [DEBUG] [org.gradle.cache.internal.DefaultFileLockManager] Releasing lock on daemon addresses registry.
2024-03-24T12:49:35.904-0500 [LIFECYCLE] [org.gradle.launcher.daemon.server.DaemonStateCoordinator] Daemon will be stopped at the end of the build stop command received
2024-03-24T12:49:35.904-0500 [DEBUG] [org.gradle.launcher.daemon.server.DaemonStateCoordinator] Marking daemon stopped due to stop command received. The daemon is running a build: false
2024-03-24T12:49:35.904-0500 [DEBUG] [org.gradle.launcher.daemon.server.SynchronizedDispatchConnection] thread 31: dispatching Success[value=null]
2024-03-24T12:49:35.904-0500 [DEBUG] [org.gradle.launcher.daemon.server.DaemonStateCoordinator] daemon has stopped.
2024-03-24T12:49:35.904-0500 [DEBUG] [org.gradle.launcher.daemon.server.DefaultIncomingConnectionHandler] Finishing executing command: StopWhenIdle[id=2ae49c22-b320-4eb3-9220-408dd6aff7d2]
2024-03-24T12:49:35.904-0500 [DEBUG] [org.gradle.launcher.daemon.server.Daemon] stop() called on daemon
2024-03-24T12:49:35.905-0500 [DEBUG] [org.gradle.launcher.daemon.server.SynchronizedDispatchConnection] thread 71: received class org.gradle.launcher.daemon.protocol.Finished
2024-03-24T12:49:35.905-0500 [INFO] [org.gradle.launcher.daemon.server.Daemon] Stop requested. Daemon is removing its presence from the registry...
2024-03-24T12:49:35.905-0500 [DEBUG] [org.gradle.launcher.daemon.server.DefaultDaemonConnection] thread 71: Received non-IO message from client: org.gradle.launcher.daemon.protocol.Finished@17a1621a
2024-03-24T12:49:35.905-0500 [DEBUG] [org.gradle.launcher.daemon.server.DefaultIncomingConnectionHandler] Received finished message: org.gradle.launcher.daemon.protocol.Finished@17a1621a
2024-03-24T12:49:35.905-0500 [DEBUG] [org.gradle.launcher.daemon.server.DaemonRegistryUpdater] Removing our presence to clients, eg. removing this address from the registry: [3e0f82a6-e79c-4eff-b5cf-01d82cf64086 port:50879, addresses:[localhost/127.0.0.1]]
2024-03-24T12:49:35.905-0500 [DEBUG] [org.gradle.launcher.daemon.registry.PersistentDaemonRegistry] Removing daemon address: [3e0f82a6-e79c-4eff-b5cf-01d82cf64086 port:50879, addresses:[localhost/127.0.0.1]]
2024-03-24T12:49:35.905-0500 [DEBUG] [org.gradle.launcher.daemon.server.SynchronizedDispatchConnection] thread 31: stopping connection
2024-03-24T12:49:35.907-0500 [DEBUG] [org.gradle.cache.internal.DefaultFileLockManager] Waiting to acquire exclusive lock on daemon addresses registry.
2024-03-24T12:49:35.907-0500 [DEBUG] [org.gradle.internal.remote.internal.inet.SocketConnection] Discarding EOFException: java.io.EOFException
2024-03-24T12:49:35.907-0500 [DEBUG] [org.gradle.launcher.daemon.server.SynchronizedDispatchConnection] thread 71: received null
2024-03-24T12:49:35.907-0500 [DEBUG] [org.gradle.launcher.daemon.server.DefaultDaemonConnection] thread 71: Received end-of-input from client.
2024-03-24T12:49:35.907-0500 [DEBUG] [org.gradle.cache.internal.DefaultFileLockManager] Lock acquired on daemon addresses registry.
2024-03-24T12:49:35.908-0500 [DEBUG] [org.gradle.launcher.daemon.server.SynchronizedDispatchConnection] thread 31: stopping connection
2024-03-24T12:49:35.909-0500 [DEBUG] [org.gradle.cache.internal.DefaultFileLockManager] Releasing lock on daemon addresses registry.
2024-03-24T12:49:35.909-0500 [DEBUG] [org.gradle.launcher.daemon.server.DaemonRegistryUpdater] Address removed from registry.
2024-03-24T12:49:35.912-0500 [DEBUG] [org.gradle.cache.internal.LockOnDemandCrossProcessCacheAccess] Releasing file lock for jars (/Users/vasya/Documents/GitHub/A52-QA-Automation-Framework/caches/jars-9)
2024-03-24T12:49:35.913-0500 [DEBUG] [org.gradle.cache.internal.DefaultFileLockManager] Releasing lock on jars (/Users/vasya/Documents/GitHub/A52-QA-Automation-Framework/caches/jars-9).
2024-03-24T12:49:35.914-0500 [DEBUG] [org.gradle.cache.internal.DefaultPersistentDirectoryStore] jars (/Users/vasya/Documents/GitHub/A52-QA-Automation-Framework/caches/jars-9) has last been fully cleaned up 0 hours ago
2024-03-24T12:49:35.915-0500 [DEBUG] [org.gradle.cache.internal.DefaultPersistentDirectoryStore] Artifact transforms cache (/Users/vasya/Documents/GitHub/A52-QA-Automation-Framework/caches/transforms-3) has last been fully cleaned up 0 hours ago
2024-03-24T12:49:35.915-0500 [DEBUG] [org.gradle.cache.internal.DefaultCacheCoordinator] Cache Artifact transforms cache (/Users/vasya/Documents/GitHub/A52-QA-Automation-Framework/caches/transforms-3) was closed 0 times.
2024-03-24T12:49:35.919-0500 [DEBUG] [org.gradle.cache.internal.LockOnDemandCrossProcessCacheAccess] Releasing file lock for file content cache (/Users/vasya/Documents/GitHub/A52-QA-Automation-Framework/caches/8.4/fileContent)
2024-03-24T12:49:35.919-0500 [DEBUG] [org.gradle.cache.internal.DefaultFileLockManager] Releasing lock on file content cache (/Users/vasya/Documents/GitHub/A52-QA-Automation-Framework/caches/8.4/fileContent).
2024-03-24T12:49:35.919-0500 [DEBUG] [org.gradle.internal.watch.vfs.impl.WatchingVirtualFileSystem] Closing VFS, dropping state
2024-03-24T12:49:35.923-0500 [DEBUG] [org.gradle.internal.watch.registry.impl.DefaultFileWatcherRegistry] Finished listening to file system change events
2024-03-24T12:49:35.923-0500 [DEBUG] [org.gradle.cache.internal.DefaultCacheCoordinator] Cache Generated Gradle JARs cache (/Users/vasya/Documents/GitHub/A52-QA-Automation-Framework/caches/8.4/generated-gradle-jars) was closed 0 times.
2024-03-24T12:49:35.923-0500 [DEBUG] [org.gradle.cache.internal.LockOnDemandCrossProcessCacheAccess] Releasing file lock for artifact cache (/Users/vasya/Documents/GitHub/A52-QA-Automation-Framework/caches/modules-2)
2024-03-24T12:49:35.923-0500 [DEBUG] [org.gradle.cache.internal.DefaultFileLockManager] Releasing lock on artifact cache (/Users/vasya/Documents/GitHub/A52-QA-Automation-Framework/caches/modules-2).
2024-03-24T12:49:35.924-0500 [DEBUG] [org.gradle.cache.internal.DefaultPersistentDirectoryStore] artifact cache (/Users/vasya/Documents/GitHub/A52-QA-Automation-Framework/caches/modules-2) has last been fully cleaned up 0 hours ago
2024-03-24T12:49:35.924-0500 [DEBUG] [org.gradle.cache.internal.LockOnDemandCrossProcessCacheAccess] Releasing file lock for journal cache (/Users/vasya/Documents/GitHub/A52-QA-Automation-Framework/caches/journal-1)
2024-03-24T12:49:35.925-0500 [DEBUG] [org.gradle.cache.internal.btree.BTreePersistentIndexedCache] Closing cache file-access.bin (/Users/vasya/Documents/GitHub/A52-QA-Automation-Framework/caches/journal-1/file-access.bin)
2024-03-24T12:49:35.925-0500 [DEBUG] [org.gradle.cache.internal.DefaultFileLockManager] Releasing lock on journal cache (/Users/vasya/Documents/GitHub/A52-QA-Automation-Framework/caches/journal-1).
2024-03-24T12:49:35.926-0500 [DEBUG] [org.gradle.cache.internal.LockOnDemandCrossProcessCacheAccess] Releasing file lock for file hash cache (/Users/vasya/Documents/GitHub/A52-QA-Automation-Framework/caches/8.4/fileHashes)
2024-03-24T12:49:35.926-0500 [DEBUG] [org.gradle.cache.internal.btree.BTreePersistentIndexedCache] Closing cache fileHashes.bin (/Users/vasya/Documents/GitHub/A52-QA-Automation-Framework/caches/8.4/fileHashes/fileHashes.bin)
2024-03-24T12:49:35.926-0500 [DEBUG] [org.gradle.cache.internal.btree.BTreePersistentIndexedCache] Closing cache resourceHashesCache.bin (/Users/vasya/Documents/GitHub/A52-QA-Automation-Framework/caches/8.4/fileHashes/resourceHashesCache.bin)
2024-03-24T12:49:35.927-0500 [DEBUG] [org.gradle.cache.internal.DefaultFileLockManager] Releasing lock on file hash cache (/Users/vasya/Documents/GitHub/A52-QA-Automation-Framework/caches/8.4/fileHashes).
2024-03-24T12:49:35.927-0500 [DEBUG] [org.gradle.cache.internal.LockOnDemandCrossProcessCacheAccess] Releasing file lock for execution history cache (/Users/vasya/Documents/GitHub/A52-QA-Automation-Framework/caches/8.4/executionHistory)
2024-03-24T12:49:35.927-0500 [DEBUG] [org.gradle.cache.internal.DefaultFileLockManager] Releasing lock on execution history cache (/Users/vasya/Documents/GitHub/A52-QA-Automation-Framework/caches/8.4/executionHistory).
Daemon vm is shutting down... The daemon has exited normally or was terminated in response to a user interrupt.
2024-03-24T12:49:35.930-0500 [DEBUG] [org.gradle.launcher.daemon.registry.PersistentDaemonRegistry] Removing daemon address: [3e0f82a6-e79c-4eff-b5cf-01d82cf64086 port:50879, addresses:[localhost/127.0.0.1]]
2024-03-24T12:49:35.930-0500 [DEBUG] [org.gradle.cache.internal.DefaultFileLockManager] Waiting to acquire exclusive lock on daemon addresses registry.
2024-03-24T12:49:35.930-0500 [DEBUG] [org.gradle.cache.internal.DefaultFileLockManager] Lock acquired on daemon addresses registry.
2024-03-24T12:49:35.930-0500 [DEBUG] [org.gradle.cache.internal.DefaultFileLockManager] Releasing lock on daemon addresses registry.
